ERROR - 2016-07-11 10:52:41 - exception 'ErrorException' with message 'preg_match() expects at least 2 parameters, 1 given' in C:\wamp\www\App\Models\Singup\SingupModel.php:18
Stack trace:
#0 [internal function]: Yee\Yee::handleErrors(2, 'preg_match() ex...', 'C:\\wamp\\www\\App...', 18, Array)
#1 C:\wamp\www\App\Models\Singup\SingupModel.php(18): preg_match('/[^A-za-z0-9]/')
#2 C:\wamp\www\App\Controllers\Signup\SignupController.php(50): App\Models\Singup\SingupModel->validatePass('12345678', '12345678')
#3 [internal function]: SignupController->postAction()
#4 C:\wamp\www\Yee\Managers\Controller\Controller.php(22): call_user_func_array(Array, Array)
#5 [internal function]: Yee\Managers\Controller\Controller::__callStatic('___postAction', Array)
#6 [internal function]: SignupController::___postAction()
#7 C:\wamp\www\Yee\Route.php(462): call_user_func_array('SignupControlle...', Array)
#8 C:\wamp\www\Yee\Yee.php(1333): Yee\Route->dispatch()
#9 C:\wamp\www\Yee\Middleware\Flash.php(85): Yee\Yee->call()
#10 C:\wamp\www\Yee\Middleware\MethodOverride.php(92): Yee\Middleware\Flash->call()
#11 C:\wamp\www\Yee\Middleware\PrettyExceptions.php(67): Yee\Middleware\MethodOverride->call()
#12 C:\wamp\www\Yee\Yee.php(1278): Yee\Middleware\PrettyExceptions->call()
#13 C:\wamp\www\index.php(48): Yee\Yee->execute()
#14 {main}
ERROR - 2016-07-11 10:52:48 - exception 'ErrorException' with message 'preg_match() expects at least 2 parameters, 1 given' in C:\wamp\www\App\Models\Singup\SingupModel.php:18
Stack trace:
#0 [internal function]: Yee\Yee::handleErrors(2, 'preg_match() ex...', 'C:\\wamp\\www\\App...', 18, Array)
#1 C:\wamp\www\App\Models\Singup\SingupModel.php(18): preg_match('/[^A-za-z0-9]/')
#2 C:\wamp\www\App\Controllers\Signup\SignupController.php(50): App\Models\Singup\SingupModel->validatePass('asdasda', 'asdasda')
#3 [internal function]: SignupController->postAction()
#4 C:\wamp\www\Yee\Managers\Controller\Controller.php(22): call_user_func_array(Array, Array)
#5 [internal function]: Yee\Managers\Controller\Controller::__callStatic('___postAction', Array)
#6 [internal function]: SignupController::___postAction()
#7 C:\wamp\www\Yee\Route.php(462): call_user_func_array('SignupControlle...', Array)
#8 C:\wamp\www\Yee\Yee.php(1333): Yee\Route->dispatch()
#9 C:\wamp\www\Yee\Middleware\Flash.php(85): Yee\Yee->call()
#10 C:\wamp\www\Yee\Middleware\MethodOverride.php(92): Yee\Middleware\Flash->call()
#11 C:\wamp\www\Yee\Middleware\PrettyExceptions.php(67): Yee\Middleware\MethodOverride->call()
#12 C:\wamp\www\Yee\Yee.php(1278): Yee\Middleware\PrettyExceptions->call()
#13 C:\wamp\www\index.php(48): Yee\Yee->execute()
#14 {main}
