ERROR - 2016-07-13 09:53:38 - exception 'ErrorException' with message 'Problem preparing query (INSERT into user(`email`, `password`, `activr`, `SingupDate`, `Ip`) VALUES(?, ?, ?, ?, ?)) Table 'sww.user' doesn't exist' in C:\wamp\www\Yee\Libraries\Database\MysqliDB.php:909
Stack trace:
#0 [internal function]: Yee\Yee::handleErrors(256, 'Problem prepari...', 'C:\\wamp\\www\\Yee...', 909, Array)
#1 C:\wamp\www\Yee\Libraries\Database\MysqliDB.php(909): trigger_error('Problem prepari...', 256)
#2 C:\wamp\www\Yee\Libraries\Database\MysqliDB.php(648): Yee\Libraries\Database\MysqliDB->_prepareQuery()
#3 C:\wamp\www\Yee\Libraries\Database\MysqliDB.php(324): Yee\Libraries\Database\MysqliDB->_buildQuery(NULL, Array)
#4 C:\wamp\www\App\Models\Singup\SingupModel.php(82): Yee\Libraries\Database\MysqliDB->insert('user', Array)
#5 C:\wamp\www\App\Controllers\Signup\SignupController.php(67): App\Models\Singup\SingupModel->register()
#6 [internal function]: SignupController->postAction()
#7 C:\wamp\www\Yee\Managers\Controller\Controller.php(22): call_user_func_array(Array, Array)
#8 [internal function]: Yee\Managers\Controller\Controller::__callStatic('___postAction', Array)
#9 [internal function]: SignupController::___postAction()
#10 C:\wamp\www\Yee\Route.php(462): call_user_func_array('SignupControlle...', Array)
#11 C:\wamp\www\Yee\Yee.php(1333): Yee\Route->dispatch()
#12 C:\wamp\www\Yee\Middleware\Flash.php(85): Yee\Yee->call()
#13 C:\wamp\www\Yee\Middleware\MethodOverride.php(92): Yee\Middleware\Flash->call()
#14 C:\wamp\www\Yee\Middleware\PrettyExceptions.php(67): Yee\Middleware\MethodOverride->call()
#15 C:\wamp\www\Yee\Yee.php(1278): Yee\Middleware\PrettyExceptions->call()
#16 C:\wamp\www\index.php(48): Yee\Yee->execute()
#17 {main}
ERROR - 2016-07-13 09:54:39 - exception 'ErrorException' with message 'Problem preparing query (INSERT into user(`email`, `password`, `active`, `SingupDate`, `Ip`) VALUES(?, ?, ?, ?, ?)) Table 'sww.user' doesn't exist' in C:\wamp\www\Yee\Libraries\Database\MysqliDB.php:909
Stack trace:
#0 [internal function]: Yee\Yee::handleErrors(256, 'Problem prepari...', 'C:\\wamp\\www\\Yee...', 909, Array)
#1 C:\wamp\www\Yee\Libraries\Database\MysqliDB.php(909): trigger_error('Problem prepari...', 256)
#2 C:\wamp\www\Yee\Libraries\Database\MysqliDB.php(648): Yee\Libraries\Database\MysqliDB->_prepareQuery()
#3 C:\wamp\www\Yee\Libraries\Database\MysqliDB.php(324): Yee\Libraries\Database\MysqliDB->_buildQuery(NULL, Array)
#4 C:\wamp\www\App\Models\Singup\SingupModel.php(82): Yee\Libraries\Database\MysqliDB->insert('user', Array)
#5 C:\wamp\www\App\Controllers\Signup\SignupController.php(67): App\Models\Singup\SingupModel->register()
#6 [internal function]: SignupController->postAction()
#7 C:\wamp\www\Yee\Managers\Controller\Controller.php(22): call_user_func_array(Array, Array)
#8 [internal function]: Yee\Managers\Controller\Controller::__callStatic('___postAction', Array)
#9 [internal function]: SignupController::___postAction()
#10 C:\wamp\www\Yee\Route.php(462): call_user_func_array('SignupControlle...', Array)
#11 C:\wamp\www\Yee\Yee.php(1333): Yee\Route->dispatch()
#12 C:\wamp\www\Yee\Middleware\Flash.php(85): Yee\Yee->call()
#13 C:\wamp\www\Yee\Middleware\MethodOverride.php(92): Yee\Middleware\Flash->call()
#14 C:\wamp\www\Yee\Middleware\PrettyExceptions.php(67): Yee\Middleware\MethodOverride->call()
#15 C:\wamp\www\Yee\Yee.php(1278): Yee\Middleware\PrettyExceptions->call()
#16 C:\wamp\www\index.php(48): Yee\Yee->execute()
#17 {main}
ERROR - 2016-07-13 09:56:17 - exception 'ErrorException' with message 'Problem preparing query (INSERT into users(`Email`, `Password`, `Active`, `SingupDate`, `Ip`) VALUES(?, ?, ?, ?, ?)) Unknown column 'SingupDate' in 'field list'' in C:\wamp\www\Yee\Libraries\Database\MysqliDB.php:909
Stack trace:
#0 [internal function]: Yee\Yee::handleErrors(256, 'Problem prepari...', 'C:\\wamp\\www\\Yee...', 909, Array)
#1 C:\wamp\www\Yee\Libraries\Database\MysqliDB.php(909): trigger_error('Problem prepari...', 256)
#2 C:\wamp\www\Yee\Libraries\Database\MysqliDB.php(648): Yee\Libraries\Database\MysqliDB->_prepareQuery()
#3 C:\wamp\www\Yee\Libraries\Database\MysqliDB.php(324): Yee\Libraries\Database\MysqliDB->_buildQuery(NULL, Array)
#4 C:\wamp\www\App\Models\Singup\SingupModel.php(82): Yee\Libraries\Database\MysqliDB->insert('users', Array)
#5 C:\wamp\www\App\Controllers\Signup\SignupController.php(67): App\Models\Singup\SingupModel->register()
#6 [internal function]: SignupController->postAction()
#7 C:\wamp\www\Yee\Managers\Controller\Controller.php(22): call_user_func_array(Array, Array)
#8 [internal function]: Yee\Managers\Controller\Controller::__callStatic('___postAction', Array)
#9 [internal function]: SignupController::___postAction()
#10 C:\wamp\www\Yee\Route.php(462): call_user_func_array('SignupControlle...', Array)
#11 C:\wamp\www\Yee\Yee.php(1333): Yee\Route->dispatch()
#12 C:\wamp\www\Yee\Middleware\Flash.php(85): Yee\Yee->call()
#13 C:\wamp\www\Yee\Middleware\MethodOverride.php(92): Yee\Middleware\Flash->call()
#14 C:\wamp\www\Yee\Middleware\PrettyExceptions.php(67): Yee\Middleware\MethodOverride->call()
#15 C:\wamp\www\Yee\Yee.php(1278): Yee\Middleware\PrettyExceptions->call()
#16 C:\wamp\www\index.php(48): Yee\Yee->execute()
#17 {main}
ERROR - 2016-07-13 11:54:27 - exception 'ErrorException' with message 'Undefined variable: error' in C:\wamp\www\App\Controllers\Signup\SignupController.php:75
Stack trace:
#0 C:\wamp\www\App\Controllers\Signup\SignupController.php(75): Yee\Yee::handleErrors(8, 'Undefined varia...', 'C:\\wamp\\www\\App...', 75, Array)
#1 [internal function]: SignupController->postAction()
#2 C:\wamp\www\Yee\Managers\Controller\Controller.php(22): call_user_func_array(Array, Array)
#3 [internal function]: Yee\Managers\Controller\Controller::__callStatic('___postAction', Array)
#4 [internal function]: SignupController::___postAction()
#5 C:\wamp\www\Yee\Route.php(462): call_user_func_array('SignupControlle...', Array)
#6 C:\wamp\www\Yee\Yee.php(1333): Yee\Route->dispatch()
#7 C:\wamp\www\Yee\Middleware\Flash.php(85): Yee\Yee->call()
#8 C:\wamp\www\Yee\Middleware\MethodOverride.php(92): Yee\Middleware\Flash->call()
#9 C:\wamp\www\Yee\Middleware\PrettyExceptions.php(67): Yee\Middleware\MethodOverride->call()
#10 C:\wamp\www\Yee\Yee.php(1278): Yee\Middleware\PrettyExceptions->call()
#11 C:\wamp\www\index.php(48): Yee\Yee->execute()
#12 {main}
ERROR - 2016-07-13 11:54:57 - exception 'ErrorException' with message 'Undefined variable: error' in C:\wamp\www\App\Controllers\Signup\SignupController.php:75
Stack trace:
#0 C:\wamp\www\App\Controllers\Signup\SignupController.php(75): Yee\Yee::handleErrors(8, 'Undefined varia...', 'C:\\wamp\\www\\App...', 75, Array)
#1 [internal function]: SignupController->postAction()
#2 C:\wamp\www\Yee\Managers\Controller\Controller.php(22): call_user_func_array(Array, Array)
#3 [internal function]: Yee\Managers\Controller\Controller::__callStatic('___postAction', Array)
#4 [internal function]: SignupController::___postAction()
#5 C:\wamp\www\Yee\Route.php(462): call_user_func_array('SignupControlle...', Array)
#6 C:\wamp\www\Yee\Yee.php(1333): Yee\Route->dispatch()
#7 C:\wamp\www\Yee\Middleware\Flash.php(85): Yee\Yee->call()
#8 C:\wamp\www\Yee\Middleware\MethodOverride.php(92): Yee\Middleware\Flash->call()
#9 C:\wamp\www\Yee\Middleware\PrettyExceptions.php(67): Yee\Middleware\MethodOverride->call()
#10 C:\wamp\www\Yee\Yee.php(1278): Yee\Middleware\PrettyExceptions->call()
#11 C:\wamp\www\index.php(48): Yee\Yee->execute()
#12 {main}
ERROR - 2016-07-13 12:00:34 - exception 'ErrorException' with message 'Undefined variable: error' in C:\wamp\www\App\Controllers\Signup\SignupController.php:75
Stack trace:
#0 C:\wamp\www\App\Controllers\Signup\SignupController.php(75): Yee\Yee::handleErrors(8, 'Undefined varia...', 'C:\\wamp\\www\\App...', 75, Array)
#1 [internal function]: SignupController->postAction()
#2 C:\wamp\www\Yee\Managers\Controller\Controller.php(22): call_user_func_array(Array, Array)
#3 [internal function]: Yee\Managers\Controller\Controller::__callStatic('___postAction', Array)
#4 [internal function]: SignupController::___postAction()
#5 C:\wamp\www\Yee\Route.php(462): call_user_func_array('SignupControlle...', Array)
#6 C:\wamp\www\Yee\Yee.php(1333): Yee\Route->dispatch()
#7 C:\wamp\www\Yee\Middleware\Flash.php(85): Yee\Yee->call()
#8 C:\wamp\www\Yee\Middleware\MethodOverride.php(92): Yee\Middleware\Flash->call()
#9 C:\wamp\www\Yee\Middleware\PrettyExceptions.php(67): Yee\Middleware\MethodOverride->call()
#10 C:\wamp\www\Yee\Yee.php(1278): Yee\Middleware\PrettyExceptions->call()
#11 C:\wamp\www\index.php(48): Yee\Yee->execute()
#12 {main}
ERROR - 2016-07-13 12:01:32 - exception 'ErrorException' with message 'Undefined variable: error' in C:\wamp\www\App\Controllers\Signup\SignupController.php:78
Stack trace:
#0 C:\wamp\www\App\Controllers\Signup\SignupController.php(78): Yee\Yee::handleErrors(8, 'Undefined varia...', 'C:\\wamp\\www\\App...', 78, Array)
#1 [internal function]: SignupController->postAction()
#2 C:\wamp\www\Yee\Managers\Controller\Controller.php(22): call_user_func_array(Array, Array)
#3 [internal function]: Yee\Managers\Controller\Controller::__callStatic('___postAction', Array)
#4 [internal function]: SignupController::___postAction()
#5 C:\wamp\www\Yee\Route.php(462): call_user_func_array('SignupControlle...', Array)
#6 C:\wamp\www\Yee\Yee.php(1333): Yee\Route->dispatch()
#7 C:\wamp\www\Yee\Middleware\Flash.php(85): Yee\Yee->call()
#8 C:\wamp\www\Yee\Middleware\MethodOverride.php(92): Yee\Middleware\Flash->call()
#9 C:\wamp\www\Yee\Middleware\PrettyExceptions.php(67): Yee\Middleware\MethodOverride->call()
#10 C:\wamp\www\Yee\Yee.php(1278): Yee\Middleware\PrettyExceptions->call()
#11 C:\wamp\www\index.php(48): Yee\Yee->execute()
#12 {main}
ERROR - 2016-07-13 12:01:38 - exception 'ErrorException' with message 'Undefined variable: error' in C:\wamp\www\App\Controllers\Signup\SignupController.php:78
Stack trace:
#0 C:\wamp\www\App\Controllers\Signup\SignupController.php(78): Yee\Yee::handleErrors(8, 'Undefined varia...', 'C:\\wamp\\www\\App...', 78, Array)
#1 [internal function]: SignupController->postAction()
#2 C:\wamp\www\Yee\Managers\Controller\Controller.php(22): call_user_func_array(Array, Array)
#3 [internal function]: Yee\Managers\Controller\Controller::__callStatic('___postAction', Array)
#4 [internal function]: SignupController::___postAction()
#5 C:\wamp\www\Yee\Route.php(462): call_user_func_array('SignupControlle...', Array)
#6 C:\wamp\www\Yee\Yee.php(1333): Yee\Route->dispatch()
#7 C:\wamp\www\Yee\Middleware\Flash.php(85): Yee\Yee->call()
#8 C:\wamp\www\Yee\Middleware\MethodOverride.php(92): Yee\Middleware\Flash->call()
#9 C:\wamp\www\Yee\Middleware\PrettyExceptions.php(67): Yee\Middleware\MethodOverride->call()
#10 C:\wamp\www\Yee\Yee.php(1278): Yee\Middleware\PrettyExceptions->call()
#11 C:\wamp\www\index.php(48): Yee\Yee->execute()
#12 {main}
ERROR - 2016-07-13 12:28:01 - exception 'Twig_Error_Loader' with message 'Unable to find template "pages/textArea.tpl" (looked into: ./templates).' in C:\wamp\www\Twig\Loader\Filesystem.php:191
Stack trace:
#0 C:\wamp\www\Twig\Loader\Filesystem.php(138): Twig_Loader_Filesystem->findTemplate('pages/textArea....')
#1 C:\wamp\www\Twig\Environment.php(265): Twig_Loader_Filesystem->getCacheKey('pages/textArea....')
#2 C:\wamp\www\Twig\Environment.php(323): Twig_Environment->getTemplateClass('pages/textArea....', NULL)
#3 C:\wamp\www\Yee\Views\Twig.php(87): Twig_Environment->loadTemplate('pages/textArea....')
#4 C:\wamp\www\Yee\View.php(255): Yee\Views\Twig->render('pages/textArea....', NULL)
#5 C:\wamp\www\Yee\View.php(243): Yee\View->fetch('pages/textArea....', NULL)
#6 C:\wamp\www\Yee\Yee.php(764): Yee\View->display('pages/textArea....')
#7 C:\wamp\www\App\Controllers\Signup\SignupController.php(91): Yee\Yee->render('pages/textArea....', Array)
#8 [internal function]: SignupController->postAction()
#9 C:\wamp\www\Yee\Managers\Controller\Controller.php(22): call_user_func_array(Array, Array)
#10 [internal function]: Yee\Managers\Controller\Controller::__callStatic('___postAction', Array)
#11 [internal function]: SignupController::___postAction()
#12 C:\wamp\www\Yee\Route.php(462): call_user_func_array('SignupControlle...', Array)
#13 C:\wamp\www\Yee\Yee.php(1333): Yee\Route->dispatch()
#14 C:\wamp\www\Yee\Middleware\Flash.php(85): Yee\Yee->call()
#15 C:\wamp\www\Yee\Middleware\MethodOverride.php(92): Yee\Middleware\Flash->call()
#16 C:\wamp\www\Yee\Middleware\PrettyExceptions.php(67): Yee\Middleware\MethodOverride->call()
#17 C:\wamp\www\Yee\Yee.php(1278): Yee\Middleware\PrettyExceptions->call()
#18 C:\wamp\www\index.php(48): Yee\Yee->execute()
#19 {main}
ERROR - 2016-07-13 12:29:50 - exception 'Twig_Error_Loader' with message 'Unable to find template "pages/textArea.tpl" (looked into: ./templates).' in C:\wamp\www\Twig\Loader\Filesystem.php:191
Stack trace:
#0 C:\wamp\www\Twig\Loader\Filesystem.php(138): Twig_Loader_Filesystem->findTemplate('pages/textArea....')
#1 C:\wamp\www\Twig\Environment.php(265): Twig_Loader_Filesystem->getCacheKey('pages/textArea....')
#2 C:\wamp\www\Twig\Environment.php(323): Twig_Environment->getTemplateClass('pages/textArea....', NULL)
#3 C:\wamp\www\Yee\Views\Twig.php(87): Twig_Environment->loadTemplate('pages/textArea....')
#4 C:\wamp\www\Yee\View.php(255): Yee\Views\Twig->render('pages/textArea....', NULL)
#5 C:\wamp\www\Yee\View.php(243): Yee\View->fetch('pages/textArea....', NULL)
#6 C:\wamp\www\Yee\Yee.php(764): Yee\View->display('pages/textArea....')
#7 C:\wamp\www\App\Controllers\Signup\SignupController.php(91): Yee\Yee->render('pages/textArea....', Array)
#8 [internal function]: SignupController->postAction()
#9 C:\wamp\www\Yee\Managers\Controller\Controller.php(22): call_user_func_array(Array, Array)
#10 [internal function]: Yee\Managers\Controller\Controller::__callStatic('___postAction', Array)
#11 [internal function]: SignupController::___postAction()
#12 C:\wamp\www\Yee\Route.php(462): call_user_func_array('SignupControlle...', Array)
#13 C:\wamp\www\Yee\Yee.php(1333): Yee\Route->dispatch()
#14 C:\wamp\www\Yee\Middleware\Flash.php(85): Yee\Yee->call()
#15 C:\wamp\www\Yee\Middleware\MethodOverride.php(92): Yee\Middleware\Flash->call()
#16 C:\wamp\www\Yee\Middleware\PrettyExceptions.php(67): Yee\Middleware\MethodOverride->call()
#17 C:\wamp\www\Yee\Yee.php(1278): Yee\Middleware\PrettyExceptions->call()
#18 C:\wamp\www\index.php(48): Yee\Yee->execute()
#19 {main}
