ERROR - 2016-07-10 21:26:13 - exception 'Twig_Error_Syntax' with message 'Unexpected token "operator" of value "=" ("end of statement block" expected) in "pages/registration.tpl" at line 27' in C:\wamp\www\Twig\TokenStream.php:88
Stack trace:
#0 C:\wamp\www\Twig\TokenParser\Include.php(61): Twig_TokenStream->expect(3)
#1 C:\wamp\www\Twig\TokenParser\Include.php(35): Twig_TokenParser_Include->parseArguments()
#2 C:\wamp\www\Twig\Parser.php(187): Twig_TokenParser_Include->parse(Object(Twig_Token))
#3 C:\wamp\www\Twig\Parser.php(95): Twig_Parser->subparse(NULL, false)
#4 C:\wamp\www\Twig\Environment.php(507): Twig_Parser->parse(Object(Twig_TokenStream))
#5 C:\wamp\www\Twig\Environment.php(559): Twig_Environment->parse(Object(Twig_TokenStream))
#6 C:\wamp\www\Twig\Environment.php(334): Twig_Environment->compileSource('<!DOCTYPE html>...', 'pages/registrat...')
#7 C:\wamp\www\Yee\Views\Twig.php(87): Twig_Environment->loadTemplate('pages/registrat...')
#8 C:\wamp\www\Yee\View.php(255): Yee\Views\Twig->render('pages/registrat...', NULL)
#9 C:\wamp\www\Yee\View.php(243): Yee\View->fetch('pages/registrat...', NULL)
#10 C:\wamp\www\Yee\Yee.php(764): Yee\View->display('pages/registrat...')
#11 C:\wamp\www\App\Controllers\Registration\RegistrationController.php(19): Yee\Yee->render('pages/registrat...', Array)
#12 [internal function]: RegistrationController->indexAction()
#13 C:\wamp\www\Yee\Managers\Controller\Controller.php(22): call_user_func_array(Array, Array)
#14 [internal function]: Yee\Managers\Controller\Controller::__callStatic('___indexAction', Array)
#15 [internal function]: RegistrationController::___indexAction()
#16 C:\wamp\www\Yee\Route.php(462): call_user_func_array('RegistrationCon...', Array)
#17 C:\wamp\www\Yee\Yee.php(1333): Yee\Route->dispatch()
#18 C:\wamp\www\Yee\Middleware\Flash.php(85): Yee\Yee->call()
#19 C:\wamp\www\Yee\Middleware\MethodOverride.php(92): Yee\Middleware\Flash->call()
#20 C:\wamp\www\Yee\Middleware\PrettyExceptions.php(67): Yee\Middleware\MethodOverride->call()
#21 C:\wamp\www\Yee\Yee.php(1278): Yee\Middleware\PrettyExceptions->call()
#22 C:\wamp\www\index.php(48): Yee\Yee->execute()
#23 {main}
ERROR - 2016-07-10 21:27:13 - exception 'Twig_Error_Syntax' with message 'Unexpected token "operator" of value "=" ("end of statement block" expected) in "pages/registration.tpl" at line 27' in C:\wamp\www\Twig\TokenStream.php:88
Stack trace:
#0 C:\wamp\www\Twig\TokenParser\Include.php(61): Twig_TokenStream->expect(3)
#1 C:\wamp\www\Twig\TokenParser\Include.php(35): Twig_TokenParser_Include->parseArguments()
#2 C:\wamp\www\Twig\Parser.php(187): Twig_TokenParser_Include->parse(Object(Twig_Token))
#3 C:\wamp\www\Twig\Parser.php(95): Twig_Parser->subparse(NULL, false)
#4 C:\wamp\www\Twig\Environment.php(507): Twig_Parser->parse(Object(Twig_TokenStream))
#5 C:\wamp\www\Twig\Environment.php(559): Twig_Environment->parse(Object(Twig_TokenStream))
#6 C:\wamp\www\Twig\Environment.php(334): Twig_Environment->compileSource('<!DOCTYPE html>...', 'pages/registrat...')
#7 C:\wamp\www\Yee\Views\Twig.php(87): Twig_Environment->loadTemplate('pages/registrat...')
#8 C:\wamp\www\Yee\View.php(255): Yee\Views\Twig->render('pages/registrat...', NULL)
#9 C:\wamp\www\Yee\View.php(243): Yee\View->fetch('pages/registrat...', NULL)
#10 C:\wamp\www\Yee\Yee.php(764): Yee\View->display('pages/registrat...')
#11 C:\wamp\www\App\Controllers\Registration\RegistrationController.php(19): Yee\Yee->render('pages/registrat...', Array)
#12 [internal function]: RegistrationController->indexAction()
#13 C:\wamp\www\Yee\Managers\Controller\Controller.php(22): call_user_func_array(Array, Array)
#14 [internal function]: Yee\Managers\Controller\Controller::__callStatic('___indexAction', Array)
#15 [internal function]: RegistrationController::___indexAction()
#16 C:\wamp\www\Yee\Route.php(462): call_user_func_array('RegistrationCon...', Array)
#17 C:\wamp\www\Yee\Yee.php(1333): Yee\Route->dispatch()
#18 C:\wamp\www\Yee\Middleware\Flash.php(85): Yee\Yee->call()
#19 C:\wamp\www\Yee\Middleware\MethodOverride.php(92): Yee\Middleware\Flash->call()
#20 C:\wamp\www\Yee\Middleware\PrettyExceptions.php(67): Yee\Middleware\MethodOverride->call()
#21 C:\wamp\www\Yee\Yee.php(1278): Yee\Middleware\PrettyExceptions->call()
#22 C:\wamp\www\index.php(48): Yee\Yee->execute()
#23 {main}
ERROR - 2016-07-10 21:28:35 - exception 'Twig_Error_Syntax' with message 'Unexpected token "operator" of value "=" ("end of statement block" expected) in "pages/registration.tpl" at line 27' in C:\wamp\www\Twig\TokenStream.php:88
Stack trace:
#0 C:\wamp\www\Twig\TokenParser\Include.php(61): Twig_TokenStream->expect(3)
#1 C:\wamp\www\Twig\TokenParser\Include.php(35): Twig_TokenParser_Include->parseArguments()
#2 C:\wamp\www\Twig\Parser.php(187): Twig_TokenParser_Include->parse(Object(Twig_Token))
#3 C:\wamp\www\Twig\Parser.php(95): Twig_Parser->subparse(NULL, false)
#4 C:\wamp\www\Twig\Environment.php(507): Twig_Parser->parse(Object(Twig_TokenStream))
#5 C:\wamp\www\Twig\Environment.php(559): Twig_Environment->parse(Object(Twig_TokenStream))
#6 C:\wamp\www\Twig\Environment.php(334): Twig_Environment->compileSource('<!DOCTYPE html>...', 'pages/registrat...')
#7 C:\wamp\www\Yee\Views\Twig.php(87): Twig_Environment->loadTemplate('pages/registrat...')
#8 C:\wamp\www\Yee\View.php(255): Yee\Views\Twig->render('pages/registrat...', NULL)
#9 C:\wamp\www\Yee\View.php(243): Yee\View->fetch('pages/registrat...', NULL)
#10 C:\wamp\www\Yee\Yee.php(764): Yee\View->display('pages/registrat...')
#11 C:\wamp\www\App\Controllers\Registration\RegistrationController.php(19): Yee\Yee->render('pages/registrat...', Array)
#12 [internal function]: RegistrationController->indexAction()
#13 C:\wamp\www\Yee\Managers\Controller\Controller.php(22): call_user_func_array(Array, Array)
#14 [internal function]: Yee\Managers\Controller\Controller::__callStatic('___indexAction', Array)
#15 [internal function]: RegistrationController::___indexAction()
#16 C:\wamp\www\Yee\Route.php(462): call_user_func_array('RegistrationCon...', Array)
#17 C:\wamp\www\Yee\Yee.php(1333): Yee\Route->dispatch()
#18 C:\wamp\www\Yee\Middleware\Flash.php(85): Yee\Yee->call()
#19 C:\wamp\www\Yee\Middleware\MethodOverride.php(92): Yee\Middleware\Flash->call()
#20 C:\wamp\www\Yee\Middleware\PrettyExceptions.php(67): Yee\Middleware\MethodOverride->call()
#21 C:\wamp\www\Yee\Yee.php(1278): Yee\Middleware\PrettyExceptions->call()
#22 C:\wamp\www\index.php(48): Yee\Yee->execute()
#23 {main}
ERROR - 2016-07-10 21:28:45 - exception 'Twig_Error_Syntax' with message 'Unexpected token "operator" of value "=" ("end of statement block" expected) in "pages/registration.tpl" at line 27' in C:\wamp\www\Twig\TokenStream.php:88
Stack trace:
#0 C:\wamp\www\Twig\TokenParser\Include.php(61): Twig_TokenStream->expect(3)
#1 C:\wamp\www\Twig\TokenParser\Include.php(35): Twig_TokenParser_Include->parseArguments()
#2 C:\wamp\www\Twig\Parser.php(187): Twig_TokenParser_Include->parse(Object(Twig_Token))
#3 C:\wamp\www\Twig\Parser.php(95): Twig_Parser->subparse(NULL, false)
#4 C:\wamp\www\Twig\Environment.php(507): Twig_Parser->parse(Object(Twig_TokenStream))
#5 C:\wamp\www\Twig\Environment.php(559): Twig_Environment->parse(Object(Twig_TokenStream))
#6 C:\wamp\www\Twig\Environment.php(334): Twig_Environment->compileSource('<!DOCTYPE html>...', 'pages/registrat...')
#7 C:\wamp\www\Yee\Views\Twig.php(87): Twig_Environment->loadTemplate('pages/registrat...')
#8 C:\wamp\www\Yee\View.php(255): Yee\Views\Twig->render('pages/registrat...', NULL)
#9 C:\wamp\www\Yee\View.php(243): Yee\View->fetch('pages/registrat...', NULL)
#10 C:\wamp\www\Yee\Yee.php(764): Yee\View->display('pages/registrat...')
#11 C:\wamp\www\App\Controllers\Registration\RegistrationController.php(19): Yee\Yee->render('pages/registrat...', Array)
#12 [internal function]: RegistrationController->indexAction()
#13 C:\wamp\www\Yee\Managers\Controller\Controller.php(22): call_user_func_array(Array, Array)
#14 [internal function]: Yee\Managers\Controller\Controller::__callStatic('___indexAction', Array)
#15 [internal function]: RegistrationController::___indexAction()
#16 C:\wamp\www\Yee\Route.php(462): call_user_func_array('RegistrationCon...', Array)
#17 C:\wamp\www\Yee\Yee.php(1333): Yee\Route->dispatch()
#18 C:\wamp\www\Yee\Middleware\Flash.php(85): Yee\Yee->call()
#19 C:\wamp\www\Yee\Middleware\MethodOverride.php(92): Yee\Middleware\Flash->call()
#20 C:\wamp\www\Yee\Middleware\PrettyExceptions.php(67): Yee\Middleware\MethodOverride->call()
#21 C:\wamp\www\Yee\Yee.php(1278): Yee\Middleware\PrettyExceptions->call()
#22 C:\wamp\www\index.php(48): Yee\Yee->execute()
#23 {main}
ERROR - 2016-07-10 21:29:16 - exception 'Twig_Error_Loader' with message 'Unable to find template "header.tpl" (looked into: ./templates) in "pages/registration.tpl" at line 27.' in C:\wamp\www\Twig\Loader\Filesystem.php:191
Stack trace:
#0 C:\wamp\www\Twig\Loader\Filesystem.php(138): Twig_Loader_Filesystem->findTemplate('header.tpl')
#1 C:\wamp\www\Twig\Environment.php(265): Twig_Loader_Filesystem->getCacheKey('header.tpl')
#2 C:\wamp\www\Twig\Environment.php(323): Twig_Environment->getTemplateClass('header.tpl', NULL)
#3 C:\wamp\www\cache\templates_c\16\81\ce25fff3f79ff85db6ccab8536bfbddf48f71eefb1f9b612b2c520db3276.php(47): Twig_Environment->loadTemplate('header.tpl')
#4 C:\wamp\www\Twig\Template.php(279): __TwigTemplate_1681ce25fff3f79ff85db6ccab8536bfbddf48f71eefb1f9b612b2c520db3276->doDisplay(Array, Array)
#5 C:\wamp\www\Twig\Template.php(253): Twig_Template->displayWithErrorHandling(Array, Array)
#6 C:\wamp\www\Twig\Template.php(264): Twig_Template->display(Array)
#7 C:\wamp\www\Yee\Views\Twig.php(91): Twig_Template->render(Array)
#8 C:\wamp\www\Yee\View.php(255): Yee\Views\Twig->render('pages/registrat...', NULL)
#9 C:\wamp\www\Yee\View.php(243): Yee\View->fetch('pages/registrat...', NULL)
#10 C:\wamp\www\Yee\Yee.php(764): Yee\View->display('pages/registrat...')
#11 C:\wamp\www\App\Controllers\Registration\RegistrationController.php(19): Yee\Yee->render('pages/registrat...', Array)
#12 [internal function]: RegistrationController->indexAction()
#13 C:\wamp\www\Yee\Managers\Controller\Controller.php(22): call_user_func_array(Array, Array)
#14 [internal function]: Yee\Managers\Controller\Controller::__callStatic('___indexAction', Array)
#15 [internal function]: RegistrationController::___indexAction()
#16 C:\wamp\www\Yee\Route.php(462): call_user_func_array('RegistrationCon...', Array)
#17 C:\wamp\www\Yee\Yee.php(1333): Yee\Route->dispatch()
#18 C:\wamp\www\Yee\Middleware\Flash.php(85): Yee\Yee->call()
#19 C:\wamp\www\Yee\Middleware\MethodOverride.php(92): Yee\Middleware\Flash->call()
#20 C:\wamp\www\Yee\Middleware\PrettyExceptions.php(67): Yee\Middleware\MethodOverride->call()
#21 C:\wamp\www\Yee\Yee.php(1278): Yee\Middleware\PrettyExceptions->call()
#22 C:\wamp\www\index.php(48): Yee\Yee->execute()
#23 {main}
ERROR - 2016-07-10 21:50:54 - exception 'Twig_Error_Syntax' with message 'Unexpected token "name" of value "file" ("end of print statement" expected) in "pages/registration.tpl" at line 27' in C:\wamp\www\Twig\TokenStream.php:88
Stack trace:
#0 C:\wamp\www\Twig\Parser.php(142): Twig_TokenStream->expect(4)
#1 C:\wamp\www\Twig\Parser.php(95): Twig_Parser->subparse(NULL, false)
#2 C:\wamp\www\Twig\Environment.php(507): Twig_Parser->parse(Object(Twig_TokenStream))
#3 C:\wamp\www\Twig\Environment.php(559): Twig_Environment->parse(Object(Twig_TokenStream))
#4 C:\wamp\www\Twig\Environment.php(334): Twig_Environment->compileSource('<!DOCTYPE html>...', 'pages/registrat...')
#5 C:\wamp\www\Yee\Views\Twig.php(87): Twig_Environment->loadTemplate('pages/registrat...')
#6 C:\wamp\www\Yee\View.php(255): Yee\Views\Twig->render('pages/registrat...', NULL)
#7 C:\wamp\www\Yee\View.php(243): Yee\View->fetch('pages/registrat...', NULL)
#8 C:\wamp\www\Yee\Yee.php(764): Yee\View->display('pages/registrat...')
#9 C:\wamp\www\App\Controllers\Registration\RegistrationController.php(19): Yee\Yee->render('pages/registrat...', Array)
#10 [internal function]: RegistrationController->indexAction()
#11 C:\wamp\www\Yee\Managers\Controller\Controller.php(22): call_user_func_array(Array, Array)
#12 [internal function]: Yee\Managers\Controller\Controller::__callStatic('___indexAction', Array)
#13 [internal function]: RegistrationController::___indexAction()
#14 C:\wamp\www\Yee\Route.php(462): call_user_func_array('RegistrationCon...', Array)
#15 C:\wamp\www\Yee\Yee.php(1333): Yee\Route->dispatch()
#16 C:\wamp\www\Yee\Middleware\Flash.php(85): Yee\Yee->call()
#17 C:\wamp\www\Yee\Middleware\MethodOverride.php(92): Yee\Middleware\Flash->call()
#18 C:\wamp\www\Yee\Middleware\PrettyExceptions.php(67): Yee\Middleware\MethodOverride->call()
#19 C:\wamp\www\Yee\Yee.php(1278): Yee\Middleware\PrettyExceptions->call()
#20 C:\wamp\www\index.php(48): Yee\Yee->execute()
#21 {main}
ERROR - 2016-07-10 21:51:00 - exception 'Twig_Error_Syntax' with message 'Unexpected token "name" of value "file" ("end of print statement" expected) in "pages/registration.tpl" at line 27' in C:\wamp\www\Twig\TokenStream.php:88
Stack trace:
#0 C:\wamp\www\Twig\Parser.php(142): Twig_TokenStream->expect(4)
#1 C:\wamp\www\Twig\Parser.php(95): Twig_Parser->subparse(NULL, false)
#2 C:\wamp\www\Twig\Environment.php(507): Twig_Parser->parse(Object(Twig_TokenStream))
#3 C:\wamp\www\Twig\Environment.php(559): Twig_Environment->parse(Object(Twig_TokenStream))
#4 C:\wamp\www\Twig\Environment.php(334): Twig_Environment->compileSource('<!DOCTYPE html>...', 'pages/registrat...')
#5 C:\wamp\www\Yee\Views\Twig.php(87): Twig_Environment->loadTemplate('pages/registrat...')
#6 C:\wamp\www\Yee\View.php(255): Yee\Views\Twig->render('pages/registrat...', NULL)
#7 C:\wamp\www\Yee\View.php(243): Yee\View->fetch('pages/registrat...', NULL)
#8 C:\wamp\www\Yee\Yee.php(764): Yee\View->display('pages/registrat...')
#9 C:\wamp\www\App\Controllers\Registration\RegistrationController.php(19): Yee\Yee->render('pages/registrat...', Array)
#10 [internal function]: RegistrationController->indexAction()
#11 C:\wamp\www\Yee\Managers\Controller\Controller.php(22): call_user_func_array(Array, Array)
#12 [internal function]: Yee\Managers\Controller\Controller::__callStatic('___indexAction', Array)
#13 [internal function]: RegistrationController::___indexAction()
#14 C:\wamp\www\Yee\Route.php(462): call_user_func_array('RegistrationCon...', Array)
#15 C:\wamp\www\Yee\Yee.php(1333): Yee\Route->dispatch()
#16 C:\wamp\www\Yee\Middleware\Flash.php(85): Yee\Yee->call()
#17 C:\wamp\www\Yee\Middleware\MethodOverride.php(92): Yee\Middleware\Flash->call()
#18 C:\wamp\www\Yee\Middleware\PrettyExceptions.php(67): Yee\Middleware\MethodOverride->call()
#19 C:\wamp\www\Yee\Yee.php(1278): Yee\Middleware\PrettyExceptions->call()
#20 C:\wamp\www\index.php(48): Yee\Yee->execute()
#21 {main}
ERROR - 2016-07-10 21:51:07 - exception 'Twig_Error_Syntax' with message 'Unexpected token "operator" of value "%" in "pages/registration.tpl" at line 27' in C:\wamp\www\Twig\ExpressionParser.php:175
Stack trace:
#0 C:\wamp\www\Twig\ExpressionParser.php(84): Twig_ExpressionParser->parsePrimaryExpression()
#1 C:\wamp\www\Twig\ExpressionParser.php(41): Twig_ExpressionParser->getPrimary()
#2 C:\wamp\www\Twig\Parser.php(141): Twig_ExpressionParser->parseExpression()
#3 C:\wamp\www\Twig\Parser.php(95): Twig_Parser->subparse(NULL, false)
#4 C:\wamp\www\Twig\Environment.php(507): Twig_Parser->parse(Object(Twig_TokenStream))
#5 C:\wamp\www\Twig\Environment.php(559): Twig_Environment->parse(Object(Twig_TokenStream))
#6 C:\wamp\www\Twig\Environment.php(334): Twig_Environment->compileSource('<!DOCTYPE html>...', 'pages/registrat...')
#7 C:\wamp\www\Yee\Views\Twig.php(87): Twig_Environment->loadTemplate('pages/registrat...')
#8 C:\wamp\www\Yee\View.php(255): Yee\Views\Twig->render('pages/registrat...', NULL)
#9 C:\wamp\www\Yee\View.php(243): Yee\View->fetch('pages/registrat...', NULL)
#10 C:\wamp\www\Yee\Yee.php(764): Yee\View->display('pages/registrat...')
#11 C:\wamp\www\App\Controllers\Registration\RegistrationController.php(19): Yee\Yee->render('pages/registrat...', Array)
#12 [internal function]: RegistrationController->indexAction()
#13 C:\wamp\www\Yee\Managers\Controller\Controller.php(22): call_user_func_array(Array, Array)
#14 [internal function]: Yee\Managers\Controller\Controller::__callStatic('___indexAction', Array)
#15 [internal function]: RegistrationController::___indexAction()
#16 C:\wamp\www\Yee\Route.php(462): call_user_func_array('RegistrationCon...', Array)
#17 C:\wamp\www\Yee\Yee.php(1333): Yee\Route->dispatch()
#18 C:\wamp\www\Yee\Middleware\Flash.php(85): Yee\Yee->call()
#19 C:\wamp\www\Yee\Middleware\MethodOverride.php(92): Yee\Middleware\Flash->call()
#20 C:\wamp\www\Yee\Middleware\PrettyExceptions.php(67): Yee\Middleware\MethodOverride->call()
#21 C:\wamp\www\Yee\Yee.php(1278): Yee\Middleware\PrettyExceptions->call()
#22 C:\wamp\www\index.php(48): Yee\Yee->execute()
#23 {main}
ERROR - 2016-07-10 21:51:16 - exception 'Twig_Error_Syntax' with message 'Unexpected token "operator" of value "%" in "pages/registration.tpl" at line 27' in C:\wamp\www\Twig\ExpressionParser.php:175
Stack trace:
#0 C:\wamp\www\Twig\ExpressionParser.php(84): Twig_ExpressionParser->parsePrimaryExpression()
#1 C:\wamp\www\Twig\ExpressionParser.php(41): Twig_ExpressionParser->getPrimary()
#2 C:\wamp\www\Twig\Parser.php(141): Twig_ExpressionParser->parseExpression()
#3 C:\wamp\www\Twig\Parser.php(95): Twig_Parser->subparse(NULL, false)
#4 C:\wamp\www\Twig\Environment.php(507): Twig_Parser->parse(Object(Twig_TokenStream))
#5 C:\wamp\www\Twig\Environment.php(559): Twig_Environment->parse(Object(Twig_TokenStream))
#6 C:\wamp\www\Twig\Environment.php(334): Twig_Environment->compileSource('<!DOCTYPE html>...', 'pages/registrat...')
#7 C:\wamp\www\Yee\Views\Twig.php(87): Twig_Environment->loadTemplate('pages/registrat...')
#8 C:\wamp\www\Yee\View.php(255): Yee\Views\Twig->render('pages/registrat...', NULL)
#9 C:\wamp\www\Yee\View.php(243): Yee\View->fetch('pages/registrat...', NULL)
#10 C:\wamp\www\Yee\Yee.php(764): Yee\View->display('pages/registrat...')
#11 C:\wamp\www\App\Controllers\Registration\RegistrationController.php(19): Yee\Yee->render('pages/registrat...', Array)
#12 [internal function]: RegistrationController->indexAction()
#13 C:\wamp\www\Yee\Managers\Controller\Controller.php(22): call_user_func_array(Array, Array)
#14 [internal function]: Yee\Managers\Controller\Controller::__callStatic('___indexAction', Array)
#15 [internal function]: RegistrationController::___indexAction()
#16 C:\wamp\www\Yee\Route.php(462): call_user_func_array('RegistrationCon...', Array)
#17 C:\wamp\www\Yee\Yee.php(1333): Yee\Route->dispatch()
#18 C:\wamp\www\Yee\Middleware\Flash.php(85): Yee\Yee->call()
#19 C:\wamp\www\Yee\Middleware\MethodOverride.php(92): Yee\Middleware\Flash->call()
#20 C:\wamp\www\Yee\Middleware\PrettyExceptions.php(67): Yee\Middleware\MethodOverride->call()
#21 C:\wamp\www\Yee\Yee.php(1278): Yee\Middleware\PrettyExceptions->call()
#22 C:\wamp\www\index.php(48): Yee\Yee->execute()
#23 {main}
ERROR - 2016-07-10 21:51:20 - exception 'Twig_Error_Syntax' with message 'Unexpected token "operator" of value "%" in "pages/registration.tpl" at line 27' in C:\wamp\www\Twig\ExpressionParser.php:175
Stack trace:
#0 C:\wamp\www\Twig\ExpressionParser.php(84): Twig_ExpressionParser->parsePrimaryExpression()
#1 C:\wamp\www\Twig\ExpressionParser.php(41): Twig_ExpressionParser->getPrimary()
#2 C:\wamp\www\Twig\Parser.php(141): Twig_ExpressionParser->parseExpression()
#3 C:\wamp\www\Twig\Parser.php(95): Twig_Parser->subparse(NULL, false)
#4 C:\wamp\www\Twig\Environment.php(507): Twig_Parser->parse(Object(Twig_TokenStream))
#5 C:\wamp\www\Twig\Environment.php(559): Twig_Environment->parse(Object(Twig_TokenStream))
#6 C:\wamp\www\Twig\Environment.php(334): Twig_Environment->compileSource('<!DOCTYPE html>...', 'pages/registrat...')
#7 C:\wamp\www\Yee\Views\Twig.php(87): Twig_Environment->loadTemplate('pages/registrat...')
#8 C:\wamp\www\Yee\View.php(255): Yee\Views\Twig->render('pages/registrat...', NULL)
#9 C:\wamp\www\Yee\View.php(243): Yee\View->fetch('pages/registrat...', NULL)
#10 C:\wamp\www\Yee\Yee.php(764): Yee\View->display('pages/registrat...')
#11 C:\wamp\www\App\Controllers\Registration\RegistrationController.php(19): Yee\Yee->render('pages/registrat...', Array)
#12 [internal function]: RegistrationController->indexAction()
#13 C:\wamp\www\Yee\Managers\Controller\Controller.php(22): call_user_func_array(Array, Array)
#14 [internal function]: Yee\Managers\Controller\Controller::__callStatic('___indexAction', Array)
#15 [internal function]: RegistrationController::___indexAction()
#16 C:\wamp\www\Yee\Route.php(462): call_user_func_array('RegistrationCon...', Array)
#17 C:\wamp\www\Yee\Yee.php(1333): Yee\Route->dispatch()
#18 C:\wamp\www\Yee\Middleware\Flash.php(85): Yee\Yee->call()
#19 C:\wamp\www\Yee\Middleware\MethodOverride.php(92): Yee\Middleware\Flash->call()
#20 C:\wamp\www\Yee\Middleware\PrettyExceptions.php(67): Yee\Middleware\MethodOverride->call()
#21 C:\wamp\www\Yee\Yee.php(1278): Yee\Middleware\PrettyExceptions->call()
#22 C:\wamp\www\index.php(48): Yee\Yee->execute()
#23 {main}
ERROR - 2016-07-10 21:51:23 - exception 'Twig_Error_Syntax' with message 'Unexpected token "operator" of value "%" in "pages/registration.tpl" at line 27' in C:\wamp\www\Twig\ExpressionParser.php:175
Stack trace:
#0 C:\wamp\www\Twig\ExpressionParser.php(84): Twig_ExpressionParser->parsePrimaryExpression()
#1 C:\wamp\www\Twig\ExpressionParser.php(41): Twig_ExpressionParser->getPrimary()
#2 C:\wamp\www\Twig\Parser.php(141): Twig_ExpressionParser->parseExpression()
#3 C:\wamp\www\Twig\Parser.php(95): Twig_Parser->subparse(NULL, false)
#4 C:\wamp\www\Twig\Environment.php(507): Twig_Parser->parse(Object(Twig_TokenStream))
#5 C:\wamp\www\Twig\Environment.php(559): Twig_Environment->parse(Object(Twig_TokenStream))
#6 C:\wamp\www\Twig\Environment.php(334): Twig_Environment->compileSource('<!DOCTYPE html>...', 'pages/registrat...')
#7 C:\wamp\www\Yee\Views\Twig.php(87): Twig_Environment->loadTemplate('pages/registrat...')
#8 C:\wamp\www\Yee\View.php(255): Yee\Views\Twig->render('pages/registrat...', NULL)
#9 C:\wamp\www\Yee\View.php(243): Yee\View->fetch('pages/registrat...', NULL)
#10 C:\wamp\www\Yee\Yee.php(764): Yee\View->display('pages/registrat...')
#11 C:\wamp\www\App\Controllers\Registration\RegistrationController.php(19): Yee\Yee->render('pages/registrat...', Array)
#12 [internal function]: RegistrationController->indexAction()
#13 C:\wamp\www\Yee\Managers\Controller\Controller.php(22): call_user_func_array(Array, Array)
#14 [internal function]: Yee\Managers\Controller\Controller::__callStatic('___indexAction', Array)
#15 [internal function]: RegistrationController::___indexAction()
#16 C:\wamp\www\Yee\Route.php(462): call_user_func_array('RegistrationCon...', Array)
#17 C:\wamp\www\Yee\Yee.php(1333): Yee\Route->dispatch()
#18 C:\wamp\www\Yee\Middleware\Flash.php(85): Yee\Yee->call()
#19 C:\wamp\www\Yee\Middleware\MethodOverride.php(92): Yee\Middleware\Flash->call()
#20 C:\wamp\www\Yee\Middleware\PrettyExceptions.php(67): Yee\Middleware\MethodOverride->call()
#21 C:\wamp\www\Yee\Yee.php(1278): Yee\Middleware\PrettyExceptions->call()
#22 C:\wamp\www\index.php(48): Yee\Yee->execute()
#23 {main}
ERROR - 2016-07-10 21:51:30 - exception 'Twig_Error_Loader' with message 'Unable to find template "testPlugin.tpl" (looked into: ./templates) in "pages/registration.tpl" at line 27.' in C:\wamp\www\Twig\Loader\Filesystem.php:191
Stack trace:
#0 C:\wamp\www\Twig\Loader\Filesystem.php(138): Twig_Loader_Filesystem->findTemplate('testPlugin.tpl')
#1 C:\wamp\www\Twig\Environment.php(265): Twig_Loader_Filesystem->getCacheKey('testPlugin.tpl')
#2 C:\wamp\www\Twig\Environment.php(323): Twig_Environment->getTemplateClass('testPlugin.tpl', NULL)
#3 C:\wamp\www\cache\templates_c\16\81\ce25fff3f79ff85db6ccab8536bfbddf48f71eefb1f9b612b2c520db3276.php(47): Twig_Environment->loadTemplate('testPlugin.tpl')
#4 C:\wamp\www\Twig\Template.php(279): __TwigTemplate_1681ce25fff3f79ff85db6ccab8536bfbddf48f71eefb1f9b612b2c520db3276->doDisplay(Array, Array)
#5 C:\wamp\www\Twig\Template.php(253): Twig_Template->displayWithErrorHandling(Array, Array)
#6 C:\wamp\www\Twig\Template.php(264): Twig_Template->display(Array)
#7 C:\wamp\www\Yee\Views\Twig.php(91): Twig_Template->render(Array)
#8 C:\wamp\www\Yee\View.php(255): Yee\Views\Twig->render('pages/registrat...', NULL)
#9 C:\wamp\www\Yee\View.php(243): Yee\View->fetch('pages/registrat...', NULL)
#10 C:\wamp\www\Yee\Yee.php(764): Yee\View->display('pages/registrat...')
#11 C:\wamp\www\App\Controllers\Registration\RegistrationController.php(19): Yee\Yee->render('pages/registrat...', Array)
#12 [internal function]: RegistrationController->indexAction()
#13 C:\wamp\www\Yee\Managers\Controller\Controller.php(22): call_user_func_array(Array, Array)
#14 [internal function]: Yee\Managers\Controller\Controller::__callStatic('___indexAction', Array)
#15 [internal function]: RegistrationController::___indexAction()
#16 C:\wamp\www\Yee\Route.php(462): call_user_func_array('RegistrationCon...', Array)
#17 C:\wamp\www\Yee\Yee.php(1333): Yee\Route->dispatch()
#18 C:\wamp\www\Yee\Middleware\Flash.php(85): Yee\Yee->call()
#19 C:\wamp\www\Yee\Middleware\MethodOverride.php(92): Yee\Middleware\Flash->call()
#20 C:\wamp\www\Yee\Middleware\PrettyExceptions.php(67): Yee\Middleware\MethodOverride->call()
#21 C:\wamp\www\Yee\Yee.php(1278): Yee\Middleware\PrettyExceptions->call()
#22 C:\wamp\www\index.php(48): Yee\Yee->execute()
#23 {main}
ERROR - 2016-07-10 21:52:23 - exception 'Twig_Error_Syntax' with message 'Unexpected token "name" of value "file" ("end of print statement" expected) in "pages/registration.tpl" at line 27' in C:\wamp\www\Twig\TokenStream.php:88
Stack trace:
#0 C:\wamp\www\Twig\Parser.php(142): Twig_TokenStream->expect(4)
#1 C:\wamp\www\Twig\Parser.php(95): Twig_Parser->subparse(NULL, false)
#2 C:\wamp\www\Twig\Environment.php(507): Twig_Parser->parse(Object(Twig_TokenStream))
#3 C:\wamp\www\Twig\Environment.php(559): Twig_Environment->parse(Object(Twig_TokenStream))
#4 C:\wamp\www\Twig\Environment.php(334): Twig_Environment->compileSource('<!DOCTYPE html>...', 'pages/registrat...')
#5 C:\wamp\www\Yee\Views\Twig.php(87): Twig_Environment->loadTemplate('pages/registrat...')
#6 C:\wamp\www\Yee\View.php(255): Yee\Views\Twig->render('pages/registrat...', NULL)
#7 C:\wamp\www\Yee\View.php(243): Yee\View->fetch('pages/registrat...', NULL)
#8 C:\wamp\www\Yee\Yee.php(764): Yee\View->display('pages/registrat...')
#9 C:\wamp\www\App\Controllers\Registration\RegistrationController.php(19): Yee\Yee->render('pages/registrat...', Array)
#10 [internal function]: RegistrationController->indexAction()
#11 C:\wamp\www\Yee\Managers\Controller\Controller.php(22): call_user_func_array(Array, Array)
#12 [internal function]: Yee\Managers\Controller\Controller::__callStatic('___indexAction', Array)
#13 [internal function]: RegistrationController::___indexAction()
#14 C:\wamp\www\Yee\Route.php(462): call_user_func_array('RegistrationCon...', Array)
#15 C:\wamp\www\Yee\Yee.php(1333): Yee\Route->dispatch()
#16 C:\wamp\www\Yee\Middleware\Flash.php(85): Yee\Yee->call()
#17 C:\wamp\www\Yee\Middleware\MethodOverride.php(92): Yee\Middleware\Flash->call()
#18 C:\wamp\www\Yee\Middleware\PrettyExceptions.php(67): Yee\Middleware\MethodOverride->call()
#19 C:\wamp\www\Yee\Yee.php(1278): Yee\Middleware\PrettyExceptions->call()
#20 C:\wamp\www\index.php(48): Yee\Yee->execute()
#21 {main}
ERROR - 2016-07-10 21:52:31 - exception 'Twig_Error_Syntax' with message 'Unexpected token "operator" of value "%" in "pages/registration.tpl" at line 27' in C:\wamp\www\Twig\ExpressionParser.php:175
Stack trace:
#0 C:\wamp\www\Twig\ExpressionParser.php(84): Twig_ExpressionParser->parsePrimaryExpression()
#1 C:\wamp\www\Twig\ExpressionParser.php(41): Twig_ExpressionParser->getPrimary()
#2 C:\wamp\www\Twig\Parser.php(141): Twig_ExpressionParser->parseExpression()
#3 C:\wamp\www\Twig\Parser.php(95): Twig_Parser->subparse(NULL, false)
#4 C:\wamp\www\Twig\Environment.php(507): Twig_Parser->parse(Object(Twig_TokenStream))
#5 C:\wamp\www\Twig\Environment.php(559): Twig_Environment->parse(Object(Twig_TokenStream))
#6 C:\wamp\www\Twig\Environment.php(334): Twig_Environment->compileSource('<!DOCTYPE html>...', 'pages/registrat...')
#7 C:\wamp\www\Yee\Views\Twig.php(87): Twig_Environment->loadTemplate('pages/registrat...')
#8 C:\wamp\www\Yee\View.php(255): Yee\Views\Twig->render('pages/registrat...', NULL)
#9 C:\wamp\www\Yee\View.php(243): Yee\View->fetch('pages/registrat...', NULL)
#10 C:\wamp\www\Yee\Yee.php(764): Yee\View->display('pages/registrat...')
#11 C:\wamp\www\App\Controllers\Registration\RegistrationController.php(19): Yee\Yee->render('pages/registrat...', Array)
#12 [internal function]: RegistrationController->indexAction()
#13 C:\wamp\www\Yee\Managers\Controller\Controller.php(22): call_user_func_array(Array, Array)
#14 [internal function]: Yee\Managers\Controller\Controller::__callStatic('___indexAction', Array)
#15 [internal function]: RegistrationController::___indexAction()
#16 C:\wamp\www\Yee\Route.php(462): call_user_func_array('RegistrationCon...', Array)
#17 C:\wamp\www\Yee\Yee.php(1333): Yee\Route->dispatch()
#18 C:\wamp\www\Yee\Middleware\Flash.php(85): Yee\Yee->call()
#19 C:\wamp\www\Yee\Middleware\MethodOverride.php(92): Yee\Middleware\Flash->call()
#20 C:\wamp\www\Yee\Middleware\PrettyExceptions.php(67): Yee\Middleware\MethodOverride->call()
#21 C:\wamp\www\Yee\Yee.php(1278): Yee\Middleware\PrettyExceptions->call()
#22 C:\wamp\www\index.php(48): Yee\Yee->execute()
#23 {main}
ERROR - 2016-07-10 21:56:26 - exception 'Twig_Error_Syntax' with message 'Unexpected character ";" in "pages/registration.tpl" at line 27' in C:\wamp\www\Twig\Lexer.php:284
Stack trace:
#0 C:\wamp\www\Twig\Lexer.php(216): Twig_Lexer->lexExpression()
#1 C:\wamp\www\Twig\Lexer.php(115): Twig_Lexer->lexVar()
#2 C:\wamp\www\Twig\Environment.php(469): Twig_Lexer->tokenize('<!DOCTYPE html>...', 'pages/registrat...')
#3 C:\wamp\www\Twig\Environment.php(559): Twig_Environment->tokenize('<!DOCTYPE html>...', 'pages/registrat...')
#4 C:\wamp\www\Twig\Environment.php(334): Twig_Environment->compileSource('<!DOCTYPE html>...', 'pages/registrat...')
#5 C:\wamp\www\Yee\Views\Twig.php(87): Twig_Environment->loadTemplate('pages/registrat...')
#6 C:\wamp\www\Yee\View.php(255): Yee\Views\Twig->render('pages/registrat...', NULL)
#7 C:\wamp\www\Yee\View.php(243): Yee\View->fetch('pages/registrat...', NULL)
#8 C:\wamp\www\Yee\Yee.php(764): Yee\View->display('pages/registrat...')
#9 C:\wamp\www\App\Controllers\Registration\RegistrationController.php(19): Yee\Yee->render('pages/registrat...', Array)
#10 [internal function]: RegistrationController->indexAction()
#11 C:\wamp\www\Yee\Managers\Controller\Controller.php(22): call_user_func_array(Array, Array)
#12 [internal function]: Yee\Managers\Controller\Controller::__callStatic('___indexAction', Array)
#13 [internal function]: RegistrationController::___indexAction()
#14 C:\wamp\www\Yee\Route.php(462): call_user_func_array('RegistrationCon...', Array)
#15 C:\wamp\www\Yee\Yee.php(1333): Yee\Route->dispatch()
#16 C:\wamp\www\Yee\Middleware\Flash.php(85): Yee\Yee->call()
#17 C:\wamp\www\Yee\Middleware\MethodOverride.php(92): Yee\Middleware\Flash->call()
#18 C:\wamp\www\Yee\Middleware\PrettyExceptions.php(67): Yee\Middleware\MethodOverride->call()
#19 C:\wamp\www\Yee\Yee.php(1278): Yee\Middleware\PrettyExceptions->call()
#20 C:\wamp\www\index.php(48): Yee\Yee->execute()
#21 {main}
ERROR - 2016-07-10 21:56:30 - exception 'Twig_Error_Syntax' with message 'Unexpected token "name" of value "file" ("end of print statement" expected) in "pages/registration.tpl" at line 27' in C:\wamp\www\Twig\TokenStream.php:88
Stack trace:
#0 C:\wamp\www\Twig\Parser.php(142): Twig_TokenStream->expect(4)
#1 C:\wamp\www\Twig\Parser.php(95): Twig_Parser->subparse(NULL, false)
#2 C:\wamp\www\Twig\Environment.php(507): Twig_Parser->parse(Object(Twig_TokenStream))
#3 C:\wamp\www\Twig\Environment.php(559): Twig_Environment->parse(Object(Twig_TokenStream))
#4 C:\wamp\www\Twig\Environment.php(334): Twig_Environment->compileSource('<!DOCTYPE html>...', 'pages/registrat...')
#5 C:\wamp\www\Yee\Views\Twig.php(87): Twig_Environment->loadTemplate('pages/registrat...')
#6 C:\wamp\www\Yee\View.php(255): Yee\Views\Twig->render('pages/registrat...', NULL)
#7 C:\wamp\www\Yee\View.php(243): Yee\View->fetch('pages/registrat...', NULL)
#8 C:\wamp\www\Yee\Yee.php(764): Yee\View->display('pages/registrat...')
#9 C:\wamp\www\App\Controllers\Registration\RegistrationController.php(19): Yee\Yee->render('pages/registrat...', Array)
#10 [internal function]: RegistrationController->indexAction()
#11 C:\wamp\www\Yee\Managers\Controller\Controller.php(22): call_user_func_array(Array, Array)
#12 [internal function]: Yee\Managers\Controller\Controller::__callStatic('___indexAction', Array)
#13 [internal function]: RegistrationController::___indexAction()
#14 C:\wamp\www\Yee\Route.php(462): call_user_func_array('RegistrationCon...', Array)
#15 C:\wamp\www\Yee\Yee.php(1333): Yee\Route->dispatch()
#16 C:\wamp\www\Yee\Middleware\Flash.php(85): Yee\Yee->call()
#17 C:\wamp\www\Yee\Middleware\MethodOverride.php(92): Yee\Middleware\Flash->call()
#18 C:\wamp\www\Yee\Middleware\PrettyExceptions.php(67): Yee\Middleware\MethodOverride->call()
#19 C:\wamp\www\Yee\Yee.php(1278): Yee\Middleware\PrettyExceptions->call()
#20 C:\wamp\www\index.php(48): Yee\Yee->execute()
#21 {main}
ERROR - 2016-07-10 21:56:35 - exception 'Twig_Error_Syntax' with message 'Unexpected token "name" of value "file" ("end of print statement" expected) in "pages/registration.tpl" at line 27' in C:\wamp\www\Twig\TokenStream.php:88
Stack trace:
#0 C:\wamp\www\Twig\Parser.php(142): Twig_TokenStream->expect(4)
#1 C:\wamp\www\Twig\Parser.php(95): Twig_Parser->subparse(NULL, false)
#2 C:\wamp\www\Twig\Environment.php(507): Twig_Parser->parse(Object(Twig_TokenStream))
#3 C:\wamp\www\Twig\Environment.php(559): Twig_Environment->parse(Object(Twig_TokenStream))
#4 C:\wamp\www\Twig\Environment.php(334): Twig_Environment->compileSource('<!DOCTYPE html>...', 'pages/registrat...')
#5 C:\wamp\www\Yee\Views\Twig.php(87): Twig_Environment->loadTemplate('pages/registrat...')
#6 C:\wamp\www\Yee\View.php(255): Yee\Views\Twig->render('pages/registrat...', NULL)
#7 C:\wamp\www\Yee\View.php(243): Yee\View->fetch('pages/registrat...', NULL)
#8 C:\wamp\www\Yee\Yee.php(764): Yee\View->display('pages/registrat...')
#9 C:\wamp\www\App\Controllers\Registration\RegistrationController.php(19): Yee\Yee->render('pages/registrat...', Array)
#10 [internal function]: RegistrationController->indexAction()
#11 C:\wamp\www\Yee\Managers\Controller\Controller.php(22): call_user_func_array(Array, Array)
#12 [internal function]: Yee\Managers\Controller\Controller::__callStatic('___indexAction', Array)
#13 [internal function]: RegistrationController::___indexAction()
#14 C:\wamp\www\Yee\Route.php(462): call_user_func_array('RegistrationCon...', Array)
#15 C:\wamp\www\Yee\Yee.php(1333): Yee\Route->dispatch()
#16 C:\wamp\www\Yee\Middleware\Flash.php(85): Yee\Yee->call()
#17 C:\wamp\www\Yee\Middleware\MethodOverride.php(92): Yee\Middleware\Flash->call()
#18 C:\wamp\www\Yee\Middleware\PrettyExceptions.php(67): Yee\Middleware\MethodOverride->call()
#19 C:\wamp\www\Yee\Yee.php(1278): Yee\Middleware\PrettyExceptions->call()
#20 C:\wamp\www\index.php(48): Yee\Yee->execute()
#21 {main}
