ERROR - 2016-07-14 12:18:08 - exception 'ErrorException' with message 'Array to string conversion' in C:\wamp\www\App\Librarie\emailTemplate\emailTemplate.php:11
Stack trace:
#0 C:\wamp\www\App\Librarie\emailTemplate\emailTemplate.php(11): Yee\Yee::handleErrors(8, 'Array to string...', 'C:\\wamp\\www\\App...', 11, Array)
#1 C:\wamp\www\App\Controllers\Ajax\AjaxController.php(19): App\Librarie\emailTemplate\emailTemplate->__construct('damyan.pazvansk...', 'damian1599@abv....', 'signup', Array, 'Acticate Accoun...')
#2 [internal function]: AjaxController->sendAction()
#3 C:\wamp\www\Yee\Managers\Controller\Controller.php(22): call_user_func_array(Array, Array)
#4 [internal function]: Yee\Managers\Controller\Controller::__callStatic('___sendAction', Array)
#5 [internal function]: AjaxController::___sendAction()
#6 C:\wamp\www\Yee\Route.php(462): call_user_func_array('AjaxController:...', Array)
#7 C:\wamp\www\Yee\Yee.php(1333): Yee\Route->dispatch()
#8 C:\wamp\www\Yee\Middleware\Flash.php(85): Yee\Yee->call()
#9 C:\wamp\www\Yee\Middleware\MethodOverride.php(92): Yee\Middleware\Flash->call()
#10 C:\wamp\www\Yee\Middleware\PrettyExceptions.php(67): Yee\Middleware\MethodOverride->call()
#11 C:\wamp\www\Yee\Yee.php(1278): Yee\Middleware\PrettyExceptions->call()
#12 C:\wamp\www\index.php(48): Yee\Yee->execute()
#13 {main}
ERROR - 2016-07-14 12:20:02 - exception 'Twig_Error_Loader' with message 'Unable to find template ".mial/header.tpl" (looked into: ./templates) in "mial/signup.tpl" at line 13.' in C:\wamp\www\Twig\Loader\Filesystem.php:191
Stack trace:
#0 C:\wamp\www\Twig\Loader\Filesystem.php(138): Twig_Loader_Filesystem->findTemplate('.mial/header.tp...')
#1 C:\wamp\www\Twig\Environment.php(265): Twig_Loader_Filesystem->getCacheKey('.mial/header.tp...')
#2 C:\wamp\www\Twig\Environment.php(323): Twig_Environment->getTemplateClass('.mial/header.tp...', NULL)
#3 C:\wamp\www\cache\templates_c\fa\77\83392e93fe527aea67e955ae5c16549d634baad0d79973296dddb7c50cf6.php(33): Twig_Environment->loadTemplate('.mial/header.tp...')
#4 C:\wamp\www\Twig\Template.php(279): __TwigTemplate_fa7783392e93fe527aea67e955ae5c16549d634baad0d79973296dddb7c50cf6->doDisplay(Array, Array)
#5 C:\wamp\www\Twig\Template.php(253): Twig_Template->displayWithErrorHandling(Array, Array)
#6 C:\wamp\www\Twig\Template.php(264): Twig_Template->display(Array)
#7 C:\wamp\www\Yee\Views\Twig.php(91): Twig_Template->render(Array)
#8 C:\wamp\www\App\Librarie\emailTemplate\emailTemplate.php(18): Yee\Views\Twig->render('mial/signup.tpl')
#9 C:\wamp\www\App\Controllers\Ajax\AjaxController.php(20): App\Librarie\emailTemplate\emailTemplate->buildEmail()
#10 [internal function]: AjaxController->sendAction()
#11 C:\wamp\www\Yee\Managers\Controller\Controller.php(22): call_user_func_array(Array, Array)
#12 [internal function]: Yee\Managers\Controller\Controller::__callStatic('___sendAction', Array)
#13 [internal function]: AjaxController::___sendAction()
#14 C:\wamp\www\Yee\Route.php(462): call_user_func_array('AjaxController:...', Array)
#15 C:\wamp\www\Yee\Yee.php(1333): Yee\Route->dispatch()
#16 C:\wamp\www\Yee\Middleware\Flash.php(85): Yee\Yee->call()
#17 C:\wamp\www\Yee\Middleware\MethodOverride.php(92): Yee\Middleware\Flash->call()
#18 C:\wamp\www\Yee\Middleware\PrettyExceptions.php(67): Yee\Middleware\MethodOverride->call()
#19 C:\wamp\www\Yee\Yee.php(1278): Yee\Middleware\PrettyExceptions->call()
#20 C:\wamp\www\index.php(48): Yee\Yee->execute()
#21 {main}
ERROR - 2016-07-14 13:19:20 - exception 'Twig_Error_Loader' with message 'Unable to find template ".mial/header.tpl" (looked into: ./templates) in "pages/signup.tpl" at line 27.' in C:\wamp\www\Twig\Loader\Filesystem.php:191
Stack trace:
#0 C:\wamp\www\Twig\Loader\Filesystem.php(138): Twig_Loader_Filesystem->findTemplate('.mial/header.tp...')
#1 C:\wamp\www\Twig\Environment.php(265): Twig_Loader_Filesystem->getCacheKey('.mial/header.tp...')
#2 C:\wamp\www\Twig\Environment.php(323): Twig_Environment->getTemplateClass('.mial/header.tp...', NULL)
#3 C:\wamp\www\cache\templates_c\02\ce\9d6e49282a54f0be5c5ed44424e7ad67d07f6b07dd05d1da18c632f264f7.php(47): Twig_Environment->loadTemplate('.mial/header.tp...')
#4 C:\wamp\www\Twig\Template.php(279): __TwigTemplate_02ce9d6e49282a54f0be5c5ed44424e7ad67d07f6b07dd05d1da18c632f264f7->doDisplay(Array, Array)
#5 C:\wamp\www\Twig\Template.php(253): Twig_Template->displayWithErrorHandling(Array, Array)
#6 C:\wamp\www\Twig\Template.php(264): Twig_Template->display(Array)
#7 C:\wamp\www\Yee\Views\Twig.php(91): Twig_Template->render(Array)
#8 C:\wamp\www\Yee\View.php(255): Yee\Views\Twig->render('pages/signup.tp...', NULL)
#9 C:\wamp\www\Yee\View.php(243): Yee\View->fetch('pages/signup.tp...', NULL)
#10 C:\wamp\www\Yee\Yee.php(764): Yee\View->display('pages/signup.tp...')
#11 C:\wamp\www\App\Controllers\Signup\SignupController.php(37): Yee\Yee->render('pages/signup.tp...', Array)
#12 [internal function]: SignupController->indexAction()
#13 C:\wamp\www\Yee\Managers\Controller\Controller.php(22): call_user_func_array(Array, Array)
#14 [internal function]: Yee\Managers\Controller\Controller::__callStatic('___indexAction', Array)
#15 [internal function]: SignupController::___indexAction()
#16 C:\wamp\www\Yee\Route.php(462): call_user_func_array('SignupControlle...', Array)
#17 C:\wamp\www\Yee\Yee.php(1333): Yee\Route->dispatch()
#18 C:\wamp\www\Yee\Middleware\Flash.php(85): Yee\Yee->call()
#19 C:\wamp\www\Yee\Middleware\MethodOverride.php(92): Yee\Middleware\Flash->call()
#20 C:\wamp\www\Yee\Middleware\PrettyExceptions.php(67): Yee\Middleware\MethodOverride->call()
#21 C:\wamp\www\Yee\Yee.php(1278): Yee\Middleware\PrettyExceptions->call()
#22 C:\wamp\www\index.php(48): Yee\Yee->execute()
#23 {main}
ERROR - 2016-07-14 13:19:31 - exception 'Twig_Error_Loader' with message 'Unable to find template ".mial/footer.tpl" (looked into: ./templates) in "pages/home.tpl" at line 29.' in C:\wamp\www\Twig\Loader\Filesystem.php:191
Stack trace:
#0 C:\wamp\www\Twig\Loader\Filesystem.php(138): Twig_Loader_Filesystem->findTemplate('.mial/footer.tp...')
#1 C:\wamp\www\Twig\Environment.php(265): Twig_Loader_Filesystem->getCacheKey('.mial/footer.tp...')
#2 C:\wamp\www\Twig\Environment.php(323): Twig_Environment->getTemplateClass('.mial/footer.tp...', NULL)
#3 C:\wamp\www\cache\templates_c\2b\e3\429d67837cc3ea62cb1bb39bf23deb86ad519a2724f0be671df506c85ab5.php(49): Twig_Environment->loadTemplate('.mial/footer.tp...')
#4 C:\wamp\www\Twig\Template.php(279): __TwigTemplate_2be3429d67837cc3ea62cb1bb39bf23deb86ad519a2724f0be671df506c85ab5->doDisplay(Array, Array)
#5 C:\wamp\www\Twig\Template.php(253): Twig_Template->displayWithErrorHandling(Array, Array)
#6 C:\wamp\www\Twig\Template.php(264): Twig_Template->display(Array)
#7 C:\wamp\www\Yee\Views\Twig.php(91): Twig_Template->render(Array)
#8 C:\wamp\www\Yee\View.php(255): Yee\Views\Twig->render('pages/home.tpl', NULL)
#9 C:\wamp\www\Yee\View.php(243): Yee\View->fetch('pages/home.tpl', NULL)
#10 C:\wamp\www\Yee\Yee.php(764): Yee\View->display('pages/home.tpl')
#11 C:\wamp\www\App\Controllers\home\HomeController.php(19): Yee\Yee->render('pages/home.tpl', Array)
#12 [internal function]: HomeController->indexAction()
#13 C:\wamp\www\Yee\Managers\Controller\Controller.php(22): call_user_func_array(Array, Array)
#14 [internal function]: Yee\Managers\Controller\Controller::__callStatic('___indexAction', Array)
#15 [internal function]: HomeController::___indexAction()
#16 C:\wamp\www\Yee\Route.php(462): call_user_func_array('HomeController:...', Array)
#17 C:\wamp\www\Yee\Yee.php(1333): Yee\Route->dispatch()
#18 C:\wamp\www\Yee\Middleware\Flash.php(85): Yee\Yee->call()
#19 C:\wamp\www\Yee\Middleware\MethodOverride.php(92): Yee\Middleware\Flash->call()
#20 C:\wamp\www\Yee\Middleware\PrettyExceptions.php(67): Yee\Middleware\MethodOverride->call()
#21 C:\wamp\www\Yee\Yee.php(1278): Yee\Middleware\PrettyExceptions->call()
#22 C:\wamp\www\index.php(48): Yee\Yee->execute()
#23 {main}
ERROR - 2016-07-14 13:22:12 - exception 'Twig_Error_Loader' with message 'Unable to find template ".mial/footer.tpl" (looked into: ./templates) in "pages/home.tpl" at line 29.' in C:\wamp\www\Twig\Loader\Filesystem.php:191
Stack trace:
#0 C:\wamp\www\Twig\Loader\Filesystem.php(138): Twig_Loader_Filesystem->findTemplate('.mial/footer.tp...')
#1 C:\wamp\www\Twig\Environment.php(265): Twig_Loader_Filesystem->getCacheKey('.mial/footer.tp...')
#2 C:\wamp\www\Twig\Environment.php(323): Twig_Environment->getTemplateClass('.mial/footer.tp...', NULL)
#3 C:\wamp\www\cache\templates_c\2b\e3\429d67837cc3ea62cb1bb39bf23deb86ad519a2724f0be671df506c85ab5.php(49): Twig_Environment->loadTemplate('.mial/footer.tp...')
#4 C:\wamp\www\Twig\Template.php(279): __TwigTemplate_2be3429d67837cc3ea62cb1bb39bf23deb86ad519a2724f0be671df506c85ab5->doDisplay(Array, Array)
#5 C:\wamp\www\Twig\Template.php(253): Twig_Template->displayWithErrorHandling(Array, Array)
#6 C:\wamp\www\Twig\Template.php(264): Twig_Template->display(Array)
#7 C:\wamp\www\Yee\Views\Twig.php(91): Twig_Template->render(Array)
#8 C:\wamp\www\Yee\View.php(255): Yee\Views\Twig->render('pages/home.tpl', NULL)
#9 C:\wamp\www\Yee\View.php(243): Yee\View->fetch('pages/home.tpl', NULL)
#10 C:\wamp\www\Yee\Yee.php(764): Yee\View->display('pages/home.tpl')
#11 C:\wamp\www\App\Controllers\home\HomeController.php(19): Yee\Yee->render('pages/home.tpl', Array)
#12 [internal function]: HomeController->indexAction()
#13 C:\wamp\www\Yee\Managers\Controller\Controller.php(22): call_user_func_array(Array, Array)
#14 [internal function]: Yee\Managers\Controller\Controller::__callStatic('___indexAction', Array)
#15 [internal function]: HomeController::___indexAction()
#16 C:\wamp\www\Yee\Route.php(462): call_user_func_array('HomeController:...', Array)
#17 C:\wamp\www\Yee\Yee.php(1333): Yee\Route->dispatch()
#18 C:\wamp\www\Yee\Middleware\Flash.php(85): Yee\Yee->call()
#19 C:\wamp\www\Yee\Middleware\MethodOverride.php(92): Yee\Middleware\Flash->call()
#20 C:\wamp\www\Yee\Middleware\PrettyExceptions.php(67): Yee\Middleware\MethodOverride->call()
#21 C:\wamp\www\Yee\Yee.php(1278): Yee\Middleware\PrettyExceptions->call()
#22 C:\wamp\www\index.php(48): Yee\Yee->execute()
#23 {main}
ERROR - 2016-07-14 13:22:34 - exception 'Twig_Error_Loader' with message 'Unable to find template ".mial/header.tpl" (looked into: ./templates) in "pages/signup.tpl" at line 27.' in C:\wamp\www\Twig\Loader\Filesystem.php:191
Stack trace:
#0 C:\wamp\www\Twig\Loader\Filesystem.php(138): Twig_Loader_Filesystem->findTemplate('.mial/header.tp...')
#1 C:\wamp\www\Twig\Environment.php(265): Twig_Loader_Filesystem->getCacheKey('.mial/header.tp...')
#2 C:\wamp\www\Twig\Environment.php(323): Twig_Environment->getTemplateClass('.mial/header.tp...', NULL)
#3 C:\wamp\www\cache\templates_c\02\ce\9d6e49282a54f0be5c5ed44424e7ad67d07f6b07dd05d1da18c632f264f7.php(47): Twig_Environment->loadTemplate('.mial/header.tp...')
#4 C:\wamp\www\Twig\Template.php(279): __TwigTemplate_02ce9d6e49282a54f0be5c5ed44424e7ad67d07f6b07dd05d1da18c632f264f7->doDisplay(Array, Array)
#5 C:\wamp\www\Twig\Template.php(253): Twig_Template->displayWithErrorHandling(Array, Array)
#6 C:\wamp\www\Twig\Template.php(264): Twig_Template->display(Array)
#7 C:\wamp\www\Yee\Views\Twig.php(91): Twig_Template->render(Array)
#8 C:\wamp\www\Yee\View.php(255): Yee\Views\Twig->render('pages/signup.tp...', NULL)
#9 C:\wamp\www\Yee\View.php(243): Yee\View->fetch('pages/signup.tp...', NULL)
#10 C:\wamp\www\Yee\Yee.php(764): Yee\View->display('pages/signup.tp...')
#11 C:\wamp\www\App\Controllers\Signup\SignupController.php(37): Yee\Yee->render('pages/signup.tp...', Array)
#12 [internal function]: SignupController->indexAction()
#13 C:\wamp\www\Yee\Managers\Controller\Controller.php(22): call_user_func_array(Array, Array)
#14 [internal function]: Yee\Managers\Controller\Controller::__callStatic('___indexAction', Array)
#15 [internal function]: SignupController::___indexAction()
#16 C:\wamp\www\Yee\Route.php(462): call_user_func_array('SignupControlle...', Array)
#17 C:\wamp\www\Yee\Yee.php(1333): Yee\Route->dispatch()
#18 C:\wamp\www\Yee\Middleware\Flash.php(85): Yee\Yee->call()
#19 C:\wamp\www\Yee\Middleware\MethodOverride.php(92): Yee\Middleware\Flash->call()
#20 C:\wamp\www\Yee\Middleware\PrettyExceptions.php(67): Yee\Middleware\MethodOverride->call()
#21 C:\wamp\www\Yee\Yee.php(1278): Yee\Middleware\PrettyExceptions->call()
#22 C:\wamp\www\index.php(48): Yee\Yee->execute()
#23 {main}
ERROR - 2016-07-14 13:24:46 - exception 'Twig_Error_Loader' with message 'Looks like you try to load a template outside configured directories (../common/footer.tpl) in "pages/home.tpl" at line 29.' in C:\wamp\www\Twig\Loader\Filesystem.php:232
Stack trace:
#0 C:\wamp\www\Twig\Loader\Filesystem.php(177): Twig_Loader_Filesystem->validateName('../common/foote...')
#1 C:\wamp\www\Twig\Loader\Filesystem.php(138): Twig_Loader_Filesystem->findTemplate('../common/foote...')
#2 C:\wamp\www\Twig\Environment.php(265): Twig_Loader_Filesystem->getCacheKey('../common/foote...')
#3 C:\wamp\www\Twig\Environment.php(323): Twig_Environment->getTemplateClass('../common/foote...', NULL)
#4 C:\wamp\www\cache\templates_c\2b\e3\429d67837cc3ea62cb1bb39bf23deb86ad519a2724f0be671df506c85ab5.php(49): Twig_Environment->loadTemplate('../common/foote...')
#5 C:\wamp\www\Twig\Template.php(279): __TwigTemplate_2be3429d67837cc3ea62cb1bb39bf23deb86ad519a2724f0be671df506c85ab5->doDisplay(Array, Array)
#6 C:\wamp\www\Twig\Template.php(253): Twig_Template->displayWithErrorHandling(Array, Array)
#7 C:\wamp\www\Twig\Template.php(264): Twig_Template->display(Array)
#8 C:\wamp\www\Yee\Views\Twig.php(91): Twig_Template->render(Array)
#9 C:\wamp\www\Yee\View.php(255): Yee\Views\Twig->render('pages/home.tpl', NULL)
#10 C:\wamp\www\Yee\View.php(243): Yee\View->fetch('pages/home.tpl', NULL)
#11 C:\wamp\www\Yee\Yee.php(764): Yee\View->display('pages/home.tpl')
#12 C:\wamp\www\App\Controllers\home\HomeController.php(19): Yee\Yee->render('pages/home.tpl', Array)
#13 [internal function]: HomeController->indexAction()
#14 C:\wamp\www\Yee\Managers\Controller\Controller.php(22): call_user_func_array(Array, Array)
#15 [internal function]: Yee\Managers\Controller\Controller::__callStatic('___indexAction', Array)
#16 [internal function]: HomeController::___indexAction()
#17 C:\wamp\www\Yee\Route.php(462): call_user_func_array('HomeController:...', Array)
#18 C:\wamp\www\Yee\Yee.php(1333): Yee\Route->dispatch()
#19 C:\wamp\www\Yee\Middleware\Flash.php(85): Yee\Yee->call()
#20 C:\wamp\www\Yee\Middleware\MethodOverride.php(92): Yee\Middleware\Flash->call()
#21 C:\wamp\www\Yee\Middleware\PrettyExceptions.php(67): Yee\Middleware\MethodOverride->call()
#22 C:\wamp\www\Yee\Yee.php(1278): Yee\Middleware\PrettyExceptions->call()
#23 C:\wamp\www\index.php(48): Yee\Yee->execute()
#24 {main}
ERROR - 2016-07-14 13:26:42 - exception 'Twig_Error_Loader' with message 'Looks like you try to load a template outside configured directories (../common/footer.tpl) in "pages/home.tpl" at line 29.' in C:\wamp\www\Twig\Loader\Filesystem.php:232
Stack trace:
#0 C:\wamp\www\Twig\Loader\Filesystem.php(177): Twig_Loader_Filesystem->validateName('../common/foote...')
#1 C:\wamp\www\Twig\Loader\Filesystem.php(138): Twig_Loader_Filesystem->findTemplate('../common/foote...')
#2 C:\wamp\www\Twig\Environment.php(265): Twig_Loader_Filesystem->getCacheKey('../common/foote...')
#3 C:\wamp\www\Twig\Environment.php(323): Twig_Environment->getTemplateClass('../common/foote...', NULL)
#4 C:\wamp\www\cache\templates_c\2b\e3\429d67837cc3ea62cb1bb39bf23deb86ad519a2724f0be671df506c85ab5.php(49): Twig_Environment->loadTemplate('../common/foote...')
#5 C:\wamp\www\Twig\Template.php(279): __TwigTemplate_2be3429d67837cc3ea62cb1bb39bf23deb86ad519a2724f0be671df506c85ab5->doDisplay(Array, Array)
#6 C:\wamp\www\Twig\Template.php(253): Twig_Template->displayWithErrorHandling(Array, Array)
#7 C:\wamp\www\Twig\Template.php(264): Twig_Template->display(Array)
#8 C:\wamp\www\Yee\Views\Twig.php(91): Twig_Template->render(Array)
#9 C:\wamp\www\Yee\View.php(255): Yee\Views\Twig->render('pages/home.tpl', NULL)
#10 C:\wamp\www\Yee\View.php(243): Yee\View->fetch('pages/home.tpl', NULL)
#11 C:\wamp\www\Yee\Yee.php(764): Yee\View->display('pages/home.tpl')
#12 C:\wamp\www\App\Controllers\home\HomeController.php(19): Yee\Yee->render('pages/home.tpl', Array)
#13 [internal function]: HomeController->indexAction()
#14 C:\wamp\www\Yee\Managers\Controller\Controller.php(22): call_user_func_array(Array, Array)
#15 [internal function]: Yee\Managers\Controller\Controller::__callStatic('___indexAction', Array)
#16 [internal function]: HomeController::___indexAction()
#17 C:\wamp\www\Yee\Route.php(462): call_user_func_array('HomeController:...', Array)
#18 C:\wamp\www\Yee\Yee.php(1333): Yee\Route->dispatch()
#19 C:\wamp\www\Yee\Middleware\Flash.php(85): Yee\Yee->call()
#20 C:\wamp\www\Yee\Middleware\MethodOverride.php(92): Yee\Middleware\Flash->call()
#21 C:\wamp\www\Yee\Middleware\PrettyExceptions.php(67): Yee\Middleware\MethodOverride->call()
#22 C:\wamp\www\Yee\Yee.php(1278): Yee\Middleware\PrettyExceptions->call()
#23 C:\wamp\www\index.php(48): Yee\Yee->execute()
#24 {main}
ERROR - 2016-07-14 13:26:50 - exception 'Twig_Error_Loader' with message 'Looks like you try to load a template outside configured directories (../common/footer.tpl) in "pages/home.tpl" at line 29.' in C:\wamp\www\Twig\Loader\Filesystem.php:232
Stack trace:
#0 C:\wamp\www\Twig\Loader\Filesystem.php(177): Twig_Loader_Filesystem->validateName('../common/foote...')
#1 C:\wamp\www\Twig\Loader\Filesystem.php(138): Twig_Loader_Filesystem->findTemplate('../common/foote...')
#2 C:\wamp\www\Twig\Environment.php(265): Twig_Loader_Filesystem->getCacheKey('../common/foote...')
#3 C:\wamp\www\Twig\Environment.php(323): Twig_Environment->getTemplateClass('../common/foote...', NULL)
#4 C:\wamp\www\cache\templates_c\2b\e3\429d67837cc3ea62cb1bb39bf23deb86ad519a2724f0be671df506c85ab5.php(49): Twig_Environment->loadTemplate('../common/foote...')
#5 C:\wamp\www\Twig\Template.php(279): __TwigTemplate_2be3429d67837cc3ea62cb1bb39bf23deb86ad519a2724f0be671df506c85ab5->doDisplay(Array, Array)
#6 C:\wamp\www\Twig\Template.php(253): Twig_Template->displayWithErrorHandling(Array, Array)
#7 C:\wamp\www\Twig\Template.php(264): Twig_Template->display(Array)
#8 C:\wamp\www\Yee\Views\Twig.php(91): Twig_Template->render(Array)
#9 C:\wamp\www\Yee\View.php(255): Yee\Views\Twig->render('pages/home.tpl', NULL)
#10 C:\wamp\www\Yee\View.php(243): Yee\View->fetch('pages/home.tpl', NULL)
#11 C:\wamp\www\Yee\Yee.php(764): Yee\View->display('pages/home.tpl')
#12 C:\wamp\www\App\Controllers\home\HomeController.php(19): Yee\Yee->render('pages/home.tpl', Array)
#13 [internal function]: HomeController->indexAction()
#14 C:\wamp\www\Yee\Managers\Controller\Controller.php(22): call_user_func_array(Array, Array)
#15 [internal function]: Yee\Managers\Controller\Controller::__callStatic('___indexAction', Array)
#16 [internal function]: HomeController::___indexAction()
#17 C:\wamp\www\Yee\Route.php(462): call_user_func_array('HomeController:...', Array)
#18 C:\wamp\www\Yee\Yee.php(1333): Yee\Route->dispatch()
#19 C:\wamp\www\Yee\Middleware\Flash.php(85): Yee\Yee->call()
#20 C:\wamp\www\Yee\Middleware\MethodOverride.php(92): Yee\Middleware\Flash->call()
#21 C:\wamp\www\Yee\Middleware\PrettyExceptions.php(67): Yee\Middleware\MethodOverride->call()
#22 C:\wamp\www\Yee\Yee.php(1278): Yee\Middleware\PrettyExceptions->call()
#23 C:\wamp\www\index.php(48): Yee\Yee->execute()
#24 {main}
ERROR - 2016-07-14 13:26:51 - exception 'Twig_Error_Loader' with message 'Looks like you try to load a template outside configured directories (../common/footer.tpl) in "pages/home.tpl" at line 29.' in C:\wamp\www\Twig\Loader\Filesystem.php:232
Stack trace:
#0 C:\wamp\www\Twig\Loader\Filesystem.php(177): Twig_Loader_Filesystem->validateName('../common/foote...')
#1 C:\wamp\www\Twig\Loader\Filesystem.php(138): Twig_Loader_Filesystem->findTemplate('../common/foote...')
#2 C:\wamp\www\Twig\Environment.php(265): Twig_Loader_Filesystem->getCacheKey('../common/foote...')
#3 C:\wamp\www\Twig\Environment.php(323): Twig_Environment->getTemplateClass('../common/foote...', NULL)
#4 C:\wamp\www\cache\templates_c\2b\e3\429d67837cc3ea62cb1bb39bf23deb86ad519a2724f0be671df506c85ab5.php(49): Twig_Environment->loadTemplate('../common/foote...')
#5 C:\wamp\www\Twig\Template.php(279): __TwigTemplate_2be3429d67837cc3ea62cb1bb39bf23deb86ad519a2724f0be671df506c85ab5->doDisplay(Array, Array)
#6 C:\wamp\www\Twig\Template.php(253): Twig_Template->displayWithErrorHandling(Array, Array)
#7 C:\wamp\www\Twig\Template.php(264): Twig_Template->display(Array)
#8 C:\wamp\www\Yee\Views\Twig.php(91): Twig_Template->render(Array)
#9 C:\wamp\www\Yee\View.php(255): Yee\Views\Twig->render('pages/home.tpl', NULL)
#10 C:\wamp\www\Yee\View.php(243): Yee\View->fetch('pages/home.tpl', NULL)
#11 C:\wamp\www\Yee\Yee.php(764): Yee\View->display('pages/home.tpl')
#12 C:\wamp\www\App\Controllers\home\HomeController.php(19): Yee\Yee->render('pages/home.tpl', Array)
#13 [internal function]: HomeController->indexAction()
#14 C:\wamp\www\Yee\Managers\Controller\Controller.php(22): call_user_func_array(Array, Array)
#15 [internal function]: Yee\Managers\Controller\Controller::__callStatic('___indexAction', Array)
#16 [internal function]: HomeController::___indexAction()
#17 C:\wamp\www\Yee\Route.php(462): call_user_func_array('HomeController:...', Array)
#18 C:\wamp\www\Yee\Yee.php(1333): Yee\Route->dispatch()
#19 C:\wamp\www\Yee\Middleware\Flash.php(85): Yee\Yee->call()
#20 C:\wamp\www\Yee\Middleware\MethodOverride.php(92): Yee\Middleware\Flash->call()
#21 C:\wamp\www\Yee\Middleware\PrettyExceptions.php(67): Yee\Middleware\MethodOverride->call()
#22 C:\wamp\www\Yee\Yee.php(1278): Yee\Middleware\PrettyExceptions->call()
#23 C:\wamp\www\index.php(48): Yee\Yee->execute()
#24 {main}
ERROR - 2016-07-14 13:27:03 - exception 'Twig_Error_Loader' with message 'Looks like you try to load a template outside configured directories (../common/footer.tpl) in "pages/home.tpl" at line 29.' in C:\wamp\www\Twig\Loader\Filesystem.php:232
Stack trace:
#0 C:\wamp\www\Twig\Loader\Filesystem.php(177): Twig_Loader_Filesystem->validateName('../common/foote...')
#1 C:\wamp\www\Twig\Loader\Filesystem.php(138): Twig_Loader_Filesystem->findTemplate('../common/foote...')
#2 C:\wamp\www\Twig\Environment.php(265): Twig_Loader_Filesystem->getCacheKey('../common/foote...')
#3 C:\wamp\www\Twig\Environment.php(323): Twig_Environment->getTemplateClass('../common/foote...', NULL)
#4 C:\wamp\www\cache\templates_c\2b\e3\429d67837cc3ea62cb1bb39bf23deb86ad519a2724f0be671df506c85ab5.php(49): Twig_Environment->loadTemplate('../common/foote...')
#5 C:\wamp\www\Twig\Template.php(279): __TwigTemplate_2be3429d67837cc3ea62cb1bb39bf23deb86ad519a2724f0be671df506c85ab5->doDisplay(Array, Array)
#6 C:\wamp\www\Twig\Template.php(253): Twig_Template->displayWithErrorHandling(Array, Array)
#7 C:\wamp\www\Twig\Template.php(264): Twig_Template->display(Array)
#8 C:\wamp\www\Yee\Views\Twig.php(91): Twig_Template->render(Array)
#9 C:\wamp\www\Yee\View.php(255): Yee\Views\Twig->render('pages/home.tpl', NULL)
#10 C:\wamp\www\Yee\View.php(243): Yee\View->fetch('pages/home.tpl', NULL)
#11 C:\wamp\www\Yee\Yee.php(764): Yee\View->display('pages/home.tpl')
#12 C:\wamp\www\App\Controllers\home\HomeController.php(19): Yee\Yee->render('pages/home.tpl', Array)
#13 [internal function]: HomeController->indexAction()
#14 C:\wamp\www\Yee\Managers\Controller\Controller.php(22): call_user_func_array(Array, Array)
#15 [internal function]: Yee\Managers\Controller\Controller::__callStatic('___indexAction', Array)
#16 [internal function]: HomeController::___indexAction()
#17 C:\wamp\www\Yee\Route.php(462): call_user_func_array('HomeController:...', Array)
#18 C:\wamp\www\Yee\Yee.php(1333): Yee\Route->dispatch()
#19 C:\wamp\www\Yee\Middleware\Flash.php(85): Yee\Yee->call()
#20 C:\wamp\www\Yee\Middleware\MethodOverride.php(92): Yee\Middleware\Flash->call()
#21 C:\wamp\www\Yee\Middleware\PrettyExceptions.php(67): Yee\Middleware\MethodOverride->call()
#22 C:\wamp\www\Yee\Yee.php(1278): Yee\Middleware\PrettyExceptions->call()
#23 C:\wamp\www\index.php(48): Yee\Yee->execute()
#24 {main}
ERROR - 2016-07-14 13:27:04 - exception 'Twig_Error_Loader' with message 'Looks like you try to load a template outside configured directories (../common/footer.tpl) in "pages/home.tpl" at line 29.' in C:\wamp\www\Twig\Loader\Filesystem.php:232
Stack trace:
#0 C:\wamp\www\Twig\Loader\Filesystem.php(177): Twig_Loader_Filesystem->validateName('../common/foote...')
#1 C:\wamp\www\Twig\Loader\Filesystem.php(138): Twig_Loader_Filesystem->findTemplate('../common/foote...')
#2 C:\wamp\www\Twig\Environment.php(265): Twig_Loader_Filesystem->getCacheKey('../common/foote...')
#3 C:\wamp\www\Twig\Environment.php(323): Twig_Environment->getTemplateClass('../common/foote...', NULL)
#4 C:\wamp\www\cache\templates_c\2b\e3\429d67837cc3ea62cb1bb39bf23deb86ad519a2724f0be671df506c85ab5.php(49): Twig_Environment->loadTemplate('../common/foote...')
#5 C:\wamp\www\Twig\Template.php(279): __TwigTemplate_2be3429d67837cc3ea62cb1bb39bf23deb86ad519a2724f0be671df506c85ab5->doDisplay(Array, Array)
#6 C:\wamp\www\Twig\Template.php(253): Twig_Template->displayWithErrorHandling(Array, Array)
#7 C:\wamp\www\Twig\Template.php(264): Twig_Template->display(Array)
#8 C:\wamp\www\Yee\Views\Twig.php(91): Twig_Template->render(Array)
#9 C:\wamp\www\Yee\View.php(255): Yee\Views\Twig->render('pages/home.tpl', NULL)
#10 C:\wamp\www\Yee\View.php(243): Yee\View->fetch('pages/home.tpl', NULL)
#11 C:\wamp\www\Yee\Yee.php(764): Yee\View->display('pages/home.tpl')
#12 C:\wamp\www\App\Controllers\home\HomeController.php(19): Yee\Yee->render('pages/home.tpl', Array)
#13 [internal function]: HomeController->indexAction()
#14 C:\wamp\www\Yee\Managers\Controller\Controller.php(22): call_user_func_array(Array, Array)
#15 [internal function]: Yee\Managers\Controller\Controller::__callStatic('___indexAction', Array)
#16 [internal function]: HomeController::___indexAction()
#17 C:\wamp\www\Yee\Route.php(462): call_user_func_array('HomeController:...', Array)
#18 C:\wamp\www\Yee\Yee.php(1333): Yee\Route->dispatch()
#19 C:\wamp\www\Yee\Middleware\Flash.php(85): Yee\Yee->call()
#20 C:\wamp\www\Yee\Middleware\MethodOverride.php(92): Yee\Middleware\Flash->call()
#21 C:\wamp\www\Yee\Middleware\PrettyExceptions.php(67): Yee\Middleware\MethodOverride->call()
#22 C:\wamp\www\Yee\Yee.php(1278): Yee\Middleware\PrettyExceptions->call()
#23 C:\wamp\www\index.php(48): Yee\Yee->execute()
#24 {main}
ERROR - 2016-07-14 13:27:04 - exception 'Twig_Error_Loader' with message 'Looks like you try to load a template outside configured directories (../common/footer.tpl) in "pages/home.tpl" at line 29.' in C:\wamp\www\Twig\Loader\Filesystem.php:232
Stack trace:
#0 C:\wamp\www\Twig\Loader\Filesystem.php(177): Twig_Loader_Filesystem->validateName('../common/foote...')
#1 C:\wamp\www\Twig\Loader\Filesystem.php(138): Twig_Loader_Filesystem->findTemplate('../common/foote...')
#2 C:\wamp\www\Twig\Environment.php(265): Twig_Loader_Filesystem->getCacheKey('../common/foote...')
#3 C:\wamp\www\Twig\Environment.php(323): Twig_Environment->getTemplateClass('../common/foote...', NULL)
#4 C:\wamp\www\cache\templates_c\2b\e3\429d67837cc3ea62cb1bb39bf23deb86ad519a2724f0be671df506c85ab5.php(49): Twig_Environment->loadTemplate('../common/foote...')
#5 C:\wamp\www\Twig\Template.php(279): __TwigTemplate_2be3429d67837cc3ea62cb1bb39bf23deb86ad519a2724f0be671df506c85ab5->doDisplay(Array, Array)
#6 C:\wamp\www\Twig\Template.php(253): Twig_Template->displayWithErrorHandling(Array, Array)
#7 C:\wamp\www\Twig\Template.php(264): Twig_Template->display(Array)
#8 C:\wamp\www\Yee\Views\Twig.php(91): Twig_Template->render(Array)
#9 C:\wamp\www\Yee\View.php(255): Yee\Views\Twig->render('pages/home.tpl', NULL)
#10 C:\wamp\www\Yee\View.php(243): Yee\View->fetch('pages/home.tpl', NULL)
#11 C:\wamp\www\Yee\Yee.php(764): Yee\View->display('pages/home.tpl')
#12 C:\wamp\www\App\Controllers\home\HomeController.php(19): Yee\Yee->render('pages/home.tpl', Array)
#13 [internal function]: HomeController->indexAction()
#14 C:\wamp\www\Yee\Managers\Controller\Controller.php(22): call_user_func_array(Array, Array)
#15 [internal function]: Yee\Managers\Controller\Controller::__callStatic('___indexAction', Array)
#16 [internal function]: HomeController::___indexAction()
#17 C:\wamp\www\Yee\Route.php(462): call_user_func_array('HomeController:...', Array)
#18 C:\wamp\www\Yee\Yee.php(1333): Yee\Route->dispatch()
#19 C:\wamp\www\Yee\Middleware\Flash.php(85): Yee\Yee->call()
#20 C:\wamp\www\Yee\Middleware\MethodOverride.php(92): Yee\Middleware\Flash->call()
#21 C:\wamp\www\Yee\Middleware\PrettyExceptions.php(67): Yee\Middleware\MethodOverride->call()
#22 C:\wamp\www\Yee\Yee.php(1278): Yee\Middleware\PrettyExceptions->call()
#23 C:\wamp\www\index.php(48): Yee\Yee->execute()
#24 {main}
ERROR - 2016-07-14 13:27:08 - exception 'Twig_Error_Loader' with message 'Looks like you try to load a template outside configured directories (../common/footer.tpl) in "pages/home.tpl" at line 29.' in C:\wamp\www\Twig\Loader\Filesystem.php:232
Stack trace:
#0 C:\wamp\www\Twig\Loader\Filesystem.php(177): Twig_Loader_Filesystem->validateName('../common/foote...')
#1 C:\wamp\www\Twig\Loader\Filesystem.php(138): Twig_Loader_Filesystem->findTemplate('../common/foote...')
#2 C:\wamp\www\Twig\Environment.php(265): Twig_Loader_Filesystem->getCacheKey('../common/foote...')
#3 C:\wamp\www\Twig\Environment.php(323): Twig_Environment->getTemplateClass('../common/foote...', NULL)
#4 C:\wamp\www\cache\templates_c\2b\e3\429d67837cc3ea62cb1bb39bf23deb86ad519a2724f0be671df506c85ab5.php(49): Twig_Environment->loadTemplate('../common/foote...')
#5 C:\wamp\www\Twig\Template.php(279): __TwigTemplate_2be3429d67837cc3ea62cb1bb39bf23deb86ad519a2724f0be671df506c85ab5->doDisplay(Array, Array)
#6 C:\wamp\www\Twig\Template.php(253): Twig_Template->displayWithErrorHandling(Array, Array)
#7 C:\wamp\www\Twig\Template.php(264): Twig_Template->display(Array)
#8 C:\wamp\www\Yee\Views\Twig.php(91): Twig_Template->render(Array)
#9 C:\wamp\www\Yee\View.php(255): Yee\Views\Twig->render('pages/home.tpl', NULL)
#10 C:\wamp\www\Yee\View.php(243): Yee\View->fetch('pages/home.tpl', NULL)
#11 C:\wamp\www\Yee\Yee.php(764): Yee\View->display('pages/home.tpl')
#12 C:\wamp\www\App\Controllers\home\HomeController.php(19): Yee\Yee->render('pages/home.tpl', Array)
#13 [internal function]: HomeController->indexAction()
#14 C:\wamp\www\Yee\Managers\Controller\Controller.php(22): call_user_func_array(Array, Array)
#15 [internal function]: Yee\Managers\Controller\Controller::__callStatic('___indexAction', Array)
#16 [internal function]: HomeController::___indexAction()
#17 C:\wamp\www\Yee\Route.php(462): call_user_func_array('HomeController:...', Array)
#18 C:\wamp\www\Yee\Yee.php(1333): Yee\Route->dispatch()
#19 C:\wamp\www\Yee\Middleware\Flash.php(85): Yee\Yee->call()
#20 C:\wamp\www\Yee\Middleware\MethodOverride.php(92): Yee\Middleware\Flash->call()
#21 C:\wamp\www\Yee\Middleware\PrettyExceptions.php(67): Yee\Middleware\MethodOverride->call()
#22 C:\wamp\www\Yee\Yee.php(1278): Yee\Middleware\PrettyExceptions->call()
#23 C:\wamp\www\index.php(48): Yee\Yee->execute()
#24 {main}
ERROR - 2016-07-14 13:27:10 - exception 'Twig_Error_Loader' with message 'Looks like you try to load a template outside configured directories (../common/footer.tpl) in "pages/home.tpl" at line 29.' in C:\wamp\www\Twig\Loader\Filesystem.php:232
Stack trace:
#0 C:\wamp\www\Twig\Loader\Filesystem.php(177): Twig_Loader_Filesystem->validateName('../common/foote...')
#1 C:\wamp\www\Twig\Loader\Filesystem.php(138): Twig_Loader_Filesystem->findTemplate('../common/foote...')
#2 C:\wamp\www\Twig\Environment.php(265): Twig_Loader_Filesystem->getCacheKey('../common/foote...')
#3 C:\wamp\www\Twig\Environment.php(323): Twig_Environment->getTemplateClass('../common/foote...', NULL)
#4 C:\wamp\www\cache\templates_c\2b\e3\429d67837cc3ea62cb1bb39bf23deb86ad519a2724f0be671df506c85ab5.php(49): Twig_Environment->loadTemplate('../common/foote...')
#5 C:\wamp\www\Twig\Template.php(279): __TwigTemplate_2be3429d67837cc3ea62cb1bb39bf23deb86ad519a2724f0be671df506c85ab5->doDisplay(Array, Array)
#6 C:\wamp\www\Twig\Template.php(253): Twig_Template->displayWithErrorHandling(Array, Array)
#7 C:\wamp\www\Twig\Template.php(264): Twig_Template->display(Array)
#8 C:\wamp\www\Yee\Views\Twig.php(91): Twig_Template->render(Array)
#9 C:\wamp\www\Yee\View.php(255): Yee\Views\Twig->render('pages/home.tpl', NULL)
#10 C:\wamp\www\Yee\View.php(243): Yee\View->fetch('pages/home.tpl', NULL)
#11 C:\wamp\www\Yee\Yee.php(764): Yee\View->display('pages/home.tpl')
#12 C:\wamp\www\App\Controllers\home\HomeController.php(19): Yee\Yee->render('pages/home.tpl', Array)
#13 [internal function]: HomeController->indexAction()
#14 C:\wamp\www\Yee\Managers\Controller\Controller.php(22): call_user_func_array(Array, Array)
#15 [internal function]: Yee\Managers\Controller\Controller::__callStatic('___indexAction', Array)
#16 [internal function]: HomeController::___indexAction()
#17 C:\wamp\www\Yee\Route.php(462): call_user_func_array('HomeController:...', Array)
#18 C:\wamp\www\Yee\Yee.php(1333): Yee\Route->dispatch()
#19 C:\wamp\www\Yee\Middleware\Flash.php(85): Yee\Yee->call()
#20 C:\wamp\www\Yee\Middleware\MethodOverride.php(92): Yee\Middleware\Flash->call()
#21 C:\wamp\www\Yee\Middleware\PrettyExceptions.php(67): Yee\Middleware\MethodOverride->call()
#22 C:\wamp\www\Yee\Yee.php(1278): Yee\Middleware\PrettyExceptions->call()
#23 C:\wamp\www\index.php(48): Yee\Yee->execute()
#24 {main}
ERROR - 2016-07-14 13:27:27 - exception 'Twig_Error_Loader' with message 'Unable to find template ".mial/header.tpl" (looked into: ./templates) in "pages/signup.tpl" at line 27.' in C:\wamp\www\Twig\Loader\Filesystem.php:191
Stack trace:
#0 C:\wamp\www\Twig\Loader\Filesystem.php(138): Twig_Loader_Filesystem->findTemplate('.mial/header.tp...')
#1 C:\wamp\www\Twig\Environment.php(265): Twig_Loader_Filesystem->getCacheKey('.mial/header.tp...')
#2 C:\wamp\www\Twig\Environment.php(323): Twig_Environment->getTemplateClass('.mial/header.tp...', NULL)
#3 C:\wamp\www\cache\templates_c\02\ce\9d6e49282a54f0be5c5ed44424e7ad67d07f6b07dd05d1da18c632f264f7.php(47): Twig_Environment->loadTemplate('.mial/header.tp...')
#4 C:\wamp\www\Twig\Template.php(279): __TwigTemplate_02ce9d6e49282a54f0be5c5ed44424e7ad67d07f6b07dd05d1da18c632f264f7->doDisplay(Array, Array)
#5 C:\wamp\www\Twig\Template.php(253): Twig_Template->displayWithErrorHandling(Array, Array)
#6 C:\wamp\www\Twig\Template.php(264): Twig_Template->display(Array)
#7 C:\wamp\www\Yee\Views\Twig.php(91): Twig_Template->render(Array)
#8 C:\wamp\www\Yee\View.php(255): Yee\Views\Twig->render('pages/signup.tp...', NULL)
#9 C:\wamp\www\Yee\View.php(243): Yee\View->fetch('pages/signup.tp...', NULL)
#10 C:\wamp\www\Yee\Yee.php(764): Yee\View->display('pages/signup.tp...')
#11 C:\wamp\www\App\Controllers\Signup\SignupController.php(37): Yee\Yee->render('pages/signup.tp...', Array)
#12 [internal function]: SignupController->indexAction()
#13 C:\wamp\www\Yee\Managers\Controller\Controller.php(22): call_user_func_array(Array, Array)
#14 [internal function]: Yee\Managers\Controller\Controller::__callStatic('___indexAction', Array)
#15 [internal function]: SignupController::___indexAction()
#16 C:\wamp\www\Yee\Route.php(462): call_user_func_array('SignupControlle...', Array)
#17 C:\wamp\www\Yee\Yee.php(1333): Yee\Route->dispatch()
#18 C:\wamp\www\Yee\Middleware\Flash.php(85): Yee\Yee->call()
#19 C:\wamp\www\Yee\Middleware\MethodOverride.php(92): Yee\Middleware\Flash->call()
#20 C:\wamp\www\Yee\Middleware\PrettyExceptions.php(67): Yee\Middleware\MethodOverride->call()
#21 C:\wamp\www\Yee\Yee.php(1278): Yee\Middleware\PrettyExceptions->call()
#22 C:\wamp\www\index.php(48): Yee\Yee->execute()
#23 {main}
ERROR - 2016-07-14 13:28:11 - exception 'Twig_Error_Loader' with message 'Unable to find template ".mial/header.tpl" (looked into: ./templates) in "pages/signup.tpl" at line 27.' in C:\wamp\www\Twig\Loader\Filesystem.php:191
Stack trace:
#0 C:\wamp\www\Twig\Loader\Filesystem.php(138): Twig_Loader_Filesystem->findTemplate('.mial/header.tp...')
#1 C:\wamp\www\Twig\Environment.php(265): Twig_Loader_Filesystem->getCacheKey('.mial/header.tp...')
#2 C:\wamp\www\Twig\Environment.php(323): Twig_Environment->getTemplateClass('.mial/header.tp...', NULL)
#3 C:\wamp\www\cache\templates_c\02\ce\9d6e49282a54f0be5c5ed44424e7ad67d07f6b07dd05d1da18c632f264f7.php(47): Twig_Environment->loadTemplate('.mial/header.tp...')
#4 C:\wamp\www\Twig\Template.php(279): __TwigTemplate_02ce9d6e49282a54f0be5c5ed44424e7ad67d07f6b07dd05d1da18c632f264f7->doDisplay(Array, Array)
#5 C:\wamp\www\Twig\Template.php(253): Twig_Template->displayWithErrorHandling(Array, Array)
#6 C:\wamp\www\Twig\Template.php(264): Twig_Template->display(Array)
#7 C:\wamp\www\Yee\Views\Twig.php(91): Twig_Template->render(Array)
#8 C:\wamp\www\Yee\View.php(255): Yee\Views\Twig->render('pages/signup.tp...', NULL)
#9 C:\wamp\www\Yee\View.php(243): Yee\View->fetch('pages/signup.tp...', NULL)
#10 C:\wamp\www\Yee\Yee.php(764): Yee\View->display('pages/signup.tp...')
#11 C:\wamp\www\App\Controllers\Signup\SignupController.php(37): Yee\Yee->render('pages/signup.tp...', Array)
#12 [internal function]: SignupController->indexAction()
#13 C:\wamp\www\Yee\Managers\Controller\Controller.php(22): call_user_func_array(Array, Array)
#14 [internal function]: Yee\Managers\Controller\Controller::__callStatic('___indexAction', Array)
#15 [internal function]: SignupController::___indexAction()
#16 C:\wamp\www\Yee\Route.php(462): call_user_func_array('SignupControlle...', Array)
#17 C:\wamp\www\Yee\Yee.php(1333): Yee\Route->dispatch()
#18 C:\wamp\www\Yee\Middleware\Flash.php(85): Yee\Yee->call()
#19 C:\wamp\www\Yee\Middleware\MethodOverride.php(92): Yee\Middleware\Flash->call()
#20 C:\wamp\www\Yee\Middleware\PrettyExceptions.php(67): Yee\Middleware\MethodOverride->call()
#21 C:\wamp\www\Yee\Yee.php(1278): Yee\Middleware\PrettyExceptions->call()
#22 C:\wamp\www\index.php(48): Yee\Yee->execute()
#23 {main}
ERROR - 2016-07-14 13:28:12 - exception 'Twig_Error_Loader' with message 'Unable to find template ".mial/header.tpl" (looked into: ./templates) in "pages/signup.tpl" at line 27.' in C:\wamp\www\Twig\Loader\Filesystem.php:191
Stack trace:
#0 C:\wamp\www\Twig\Loader\Filesystem.php(138): Twig_Loader_Filesystem->findTemplate('.mial/header.tp...')
#1 C:\wamp\www\Twig\Environment.php(265): Twig_Loader_Filesystem->getCacheKey('.mial/header.tp...')
#2 C:\wamp\www\Twig\Environment.php(323): Twig_Environment->getTemplateClass('.mial/header.tp...', NULL)
#3 C:\wamp\www\cache\templates_c\02\ce\9d6e49282a54f0be5c5ed44424e7ad67d07f6b07dd05d1da18c632f264f7.php(47): Twig_Environment->loadTemplate('.mial/header.tp...')
#4 C:\wamp\www\Twig\Template.php(279): __TwigTemplate_02ce9d6e49282a54f0be5c5ed44424e7ad67d07f6b07dd05d1da18c632f264f7->doDisplay(Array, Array)
#5 C:\wamp\www\Twig\Template.php(253): Twig_Template->displayWithErrorHandling(Array, Array)
#6 C:\wamp\www\Twig\Template.php(264): Twig_Template->display(Array)
#7 C:\wamp\www\Yee\Views\Twig.php(91): Twig_Template->render(Array)
#8 C:\wamp\www\Yee\View.php(255): Yee\Views\Twig->render('pages/signup.tp...', NULL)
#9 C:\wamp\www\Yee\View.php(243): Yee\View->fetch('pages/signup.tp...', NULL)
#10 C:\wamp\www\Yee\Yee.php(764): Yee\View->display('pages/signup.tp...')
#11 C:\wamp\www\App\Controllers\Signup\SignupController.php(37): Yee\Yee->render('pages/signup.tp...', Array)
#12 [internal function]: SignupController->indexAction()
#13 C:\wamp\www\Yee\Managers\Controller\Controller.php(22): call_user_func_array(Array, Array)
#14 [internal function]: Yee\Managers\Controller\Controller::__callStatic('___indexAction', Array)
#15 [internal function]: SignupController::___indexAction()
#16 C:\wamp\www\Yee\Route.php(462): call_user_func_array('SignupControlle...', Array)
#17 C:\wamp\www\Yee\Yee.php(1333): Yee\Route->dispatch()
#18 C:\wamp\www\Yee\Middleware\Flash.php(85): Yee\Yee->call()
#19 C:\wamp\www\Yee\Middleware\MethodOverride.php(92): Yee\Middleware\Flash->call()
#20 C:\wamp\www\Yee\Middleware\PrettyExceptions.php(67): Yee\Middleware\MethodOverride->call()
#21 C:\wamp\www\Yee\Yee.php(1278): Yee\Middleware\PrettyExceptions->call()
#22 C:\wamp\www\index.php(48): Yee\Yee->execute()
#23 {main}
ERROR - 2016-07-14 13:28:13 - exception 'Twig_Error_Loader' with message 'Unable to find template ".mial/header.tpl" (looked into: ./templates) in "pages/signup.tpl" at line 27.' in C:\wamp\www\Twig\Loader\Filesystem.php:191
Stack trace:
#0 C:\wamp\www\Twig\Loader\Filesystem.php(138): Twig_Loader_Filesystem->findTemplate('.mial/header.tp...')
#1 C:\wamp\www\Twig\Environment.php(265): Twig_Loader_Filesystem->getCacheKey('.mial/header.tp...')
#2 C:\wamp\www\Twig\Environment.php(323): Twig_Environment->getTemplateClass('.mial/header.tp...', NULL)
#3 C:\wamp\www\cache\templates_c\02\ce\9d6e49282a54f0be5c5ed44424e7ad67d07f6b07dd05d1da18c632f264f7.php(47): Twig_Environment->loadTemplate('.mial/header.tp...')
#4 C:\wamp\www\Twig\Template.php(279): __TwigTemplate_02ce9d6e49282a54f0be5c5ed44424e7ad67d07f6b07dd05d1da18c632f264f7->doDisplay(Array, Array)
#5 C:\wamp\www\Twig\Template.php(253): Twig_Template->displayWithErrorHandling(Array, Array)
#6 C:\wamp\www\Twig\Template.php(264): Twig_Template->display(Array)
#7 C:\wamp\www\Yee\Views\Twig.php(91): Twig_Template->render(Array)
#8 C:\wamp\www\Yee\View.php(255): Yee\Views\Twig->render('pages/signup.tp...', NULL)
#9 C:\wamp\www\Yee\View.php(243): Yee\View->fetch('pages/signup.tp...', NULL)
#10 C:\wamp\www\Yee\Yee.php(764): Yee\View->display('pages/signup.tp...')
#11 C:\wamp\www\App\Controllers\Signup\SignupController.php(37): Yee\Yee->render('pages/signup.tp...', Array)
#12 [internal function]: SignupController->indexAction()
#13 C:\wamp\www\Yee\Managers\Controller\Controller.php(22): call_user_func_array(Array, Array)
#14 [internal function]: Yee\Managers\Controller\Controller::__callStatic('___indexAction', Array)
#15 [internal function]: SignupController::___indexAction()
#16 C:\wamp\www\Yee\Route.php(462): call_user_func_array('SignupControlle...', Array)
#17 C:\wamp\www\Yee\Yee.php(1333): Yee\Route->dispatch()
#18 C:\wamp\www\Yee\Middleware\Flash.php(85): Yee\Yee->call()
#19 C:\wamp\www\Yee\Middleware\MethodOverride.php(92): Yee\Middleware\Flash->call()
#20 C:\wamp\www\Yee\Middleware\PrettyExceptions.php(67): Yee\Middleware\MethodOverride->call()
#21 C:\wamp\www\Yee\Yee.php(1278): Yee\Middleware\PrettyExceptions->call()
#22 C:\wamp\www\index.php(48): Yee\Yee->execute()
#23 {main}
ERROR - 2016-07-14 13:28:49 - exception 'Twig_Error_Loader' with message 'Unable to find template ".mial/header.tpl" (looked into: ./templates) in "pages/signup.tpl" at line 27.' in C:\wamp\www\Twig\Loader\Filesystem.php:191
Stack trace:
#0 C:\wamp\www\Twig\Loader\Filesystem.php(138): Twig_Loader_Filesystem->findTemplate('.mial/header.tp...')
#1 C:\wamp\www\Twig\Environment.php(265): Twig_Loader_Filesystem->getCacheKey('.mial/header.tp...')
#2 C:\wamp\www\Twig\Environment.php(323): Twig_Environment->getTemplateClass('.mial/header.tp...', NULL)
#3 C:\wamp\www\cache\templates_c\02\ce\9d6e49282a54f0be5c5ed44424e7ad67d07f6b07dd05d1da18c632f264f7.php(47): Twig_Environment->loadTemplate('.mial/header.tp...')
#4 C:\wamp\www\Twig\Template.php(279): __TwigTemplate_02ce9d6e49282a54f0be5c5ed44424e7ad67d07f6b07dd05d1da18c632f264f7->doDisplay(Array, Array)
#5 C:\wamp\www\Twig\Template.php(253): Twig_Template->displayWithErrorHandling(Array, Array)
#6 C:\wamp\www\Twig\Template.php(264): Twig_Template->display(Array)
#7 C:\wamp\www\Yee\Views\Twig.php(91): Twig_Template->render(Array)
#8 C:\wamp\www\Yee\View.php(255): Yee\Views\Twig->render('pages/signup.tp...', NULL)
#9 C:\wamp\www\Yee\View.php(243): Yee\View->fetch('pages/signup.tp...', NULL)
#10 C:\wamp\www\Yee\Yee.php(764): Yee\View->display('pages/signup.tp...')
#11 C:\wamp\www\App\Controllers\Signup\SignupController.php(37): Yee\Yee->render('pages/signup.tp...', Array)
#12 [internal function]: SignupController->indexAction()
#13 C:\wamp\www\Yee\Managers\Controller\Controller.php(22): call_user_func_array(Array, Array)
#14 [internal function]: Yee\Managers\Controller\Controller::__callStatic('___indexAction', Array)
#15 [internal function]: SignupController::___indexAction()
#16 C:\wamp\www\Yee\Route.php(462): call_user_func_array('SignupControlle...', Array)
#17 C:\wamp\www\Yee\Yee.php(1333): Yee\Route->dispatch()
#18 C:\wamp\www\Yee\Middleware\Flash.php(85): Yee\Yee->call()
#19 C:\wamp\www\Yee\Middleware\MethodOverride.php(92): Yee\Middleware\Flash->call()
#20 C:\wamp\www\Yee\Middleware\PrettyExceptions.php(67): Yee\Middleware\MethodOverride->call()
#21 C:\wamp\www\Yee\Yee.php(1278): Yee\Middleware\PrettyExceptions->call()
#22 C:\wamp\www\index.php(48): Yee\Yee->execute()
#23 {main}
ERROR - 2016-07-14 13:28:50 - exception 'Twig_Error_Loader' with message 'Unable to find template ".mial/header.tpl" (looked into: ./templates) in "pages/signup.tpl" at line 27.' in C:\wamp\www\Twig\Loader\Filesystem.php:191
Stack trace:
#0 C:\wamp\www\Twig\Loader\Filesystem.php(138): Twig_Loader_Filesystem->findTemplate('.mial/header.tp...')
#1 C:\wamp\www\Twig\Environment.php(265): Twig_Loader_Filesystem->getCacheKey('.mial/header.tp...')
#2 C:\wamp\www\Twig\Environment.php(323): Twig_Environment->getTemplateClass('.mial/header.tp...', NULL)
#3 C:\wamp\www\cache\templates_c\02\ce\9d6e49282a54f0be5c5ed44424e7ad67d07f6b07dd05d1da18c632f264f7.php(47): Twig_Environment->loadTemplate('.mial/header.tp...')
#4 C:\wamp\www\Twig\Template.php(279): __TwigTemplate_02ce9d6e49282a54f0be5c5ed44424e7ad67d07f6b07dd05d1da18c632f264f7->doDisplay(Array, Array)
#5 C:\wamp\www\Twig\Template.php(253): Twig_Template->displayWithErrorHandling(Array, Array)
#6 C:\wamp\www\Twig\Template.php(264): Twig_Template->display(Array)
#7 C:\wamp\www\Yee\Views\Twig.php(91): Twig_Template->render(Array)
#8 C:\wamp\www\Yee\View.php(255): Yee\Views\Twig->render('pages/signup.tp...', NULL)
#9 C:\wamp\www\Yee\View.php(243): Yee\View->fetch('pages/signup.tp...', NULL)
#10 C:\wamp\www\Yee\Yee.php(764): Yee\View->display('pages/signup.tp...')
#11 C:\wamp\www\App\Controllers\Signup\SignupController.php(37): Yee\Yee->render('pages/signup.tp...', Array)
#12 [internal function]: SignupController->indexAction()
#13 C:\wamp\www\Yee\Managers\Controller\Controller.php(22): call_user_func_array(Array, Array)
#14 [internal function]: Yee\Managers\Controller\Controller::__callStatic('___indexAction', Array)
#15 [internal function]: SignupController::___indexAction()
#16 C:\wamp\www\Yee\Route.php(462): call_user_func_array('SignupControlle...', Array)
#17 C:\wamp\www\Yee\Yee.php(1333): Yee\Route->dispatch()
#18 C:\wamp\www\Yee\Middleware\Flash.php(85): Yee\Yee->call()
#19 C:\wamp\www\Yee\Middleware\MethodOverride.php(92): Yee\Middleware\Flash->call()
#20 C:\wamp\www\Yee\Middleware\PrettyExceptions.php(67): Yee\Middleware\MethodOverride->call()
#21 C:\wamp\www\Yee\Yee.php(1278): Yee\Middleware\PrettyExceptions->call()
#22 C:\wamp\www\index.php(48): Yee\Yee->execute()
#23 {main}
ERROR - 2016-07-14 13:28:51 - exception 'Twig_Error_Loader' with message 'Unable to find template ".mial/header.tpl" (looked into: ./templates) in "pages/signup.tpl" at line 27.' in C:\wamp\www\Twig\Loader\Filesystem.php:191
Stack trace:
#0 C:\wamp\www\Twig\Loader\Filesystem.php(138): Twig_Loader_Filesystem->findTemplate('.mial/header.tp...')
#1 C:\wamp\www\Twig\Environment.php(265): Twig_Loader_Filesystem->getCacheKey('.mial/header.tp...')
#2 C:\wamp\www\Twig\Environment.php(323): Twig_Environment->getTemplateClass('.mial/header.tp...', NULL)
#3 C:\wamp\www\cache\templates_c\02\ce\9d6e49282a54f0be5c5ed44424e7ad67d07f6b07dd05d1da18c632f264f7.php(47): Twig_Environment->loadTemplate('.mial/header.tp...')
#4 C:\wamp\www\Twig\Template.php(279): __TwigTemplate_02ce9d6e49282a54f0be5c5ed44424e7ad67d07f6b07dd05d1da18c632f264f7->doDisplay(Array, Array)
#5 C:\wamp\www\Twig\Template.php(253): Twig_Template->displayWithErrorHandling(Array, Array)
#6 C:\wamp\www\Twig\Template.php(264): Twig_Template->display(Array)
#7 C:\wamp\www\Yee\Views\Twig.php(91): Twig_Template->render(Array)
#8 C:\wamp\www\Yee\View.php(255): Yee\Views\Twig->render('pages/signup.tp...', NULL)
#9 C:\wamp\www\Yee\View.php(243): Yee\View->fetch('pages/signup.tp...', NULL)
#10 C:\wamp\www\Yee\Yee.php(764): Yee\View->display('pages/signup.tp...')
#11 C:\wamp\www\App\Controllers\Signup\SignupController.php(37): Yee\Yee->render('pages/signup.tp...', Array)
#12 [internal function]: SignupController->indexAction()
#13 C:\wamp\www\Yee\Managers\Controller\Controller.php(22): call_user_func_array(Array, Array)
#14 [internal function]: Yee\Managers\Controller\Controller::__callStatic('___indexAction', Array)
#15 [internal function]: SignupController::___indexAction()
#16 C:\wamp\www\Yee\Route.php(462): call_user_func_array('SignupControlle...', Array)
#17 C:\wamp\www\Yee\Yee.php(1333): Yee\Route->dispatch()
#18 C:\wamp\www\Yee\Middleware\Flash.php(85): Yee\Yee->call()
#19 C:\wamp\www\Yee\Middleware\MethodOverride.php(92): Yee\Middleware\Flash->call()
#20 C:\wamp\www\Yee\Middleware\PrettyExceptions.php(67): Yee\Middleware\MethodOverride->call()
#21 C:\wamp\www\Yee\Yee.php(1278): Yee\Middleware\PrettyExceptions->call()
#22 C:\wamp\www\index.php(48): Yee\Yee->execute()
#23 {main}
ERROR - 2016-07-14 13:28:52 - exception 'Twig_Error_Loader' with message 'Unable to find template ".mial/header.tpl" (looked into: ./templates) in "pages/signup.tpl" at line 27.' in C:\wamp\www\Twig\Loader\Filesystem.php:191
Stack trace:
#0 C:\wamp\www\Twig\Loader\Filesystem.php(138): Twig_Loader_Filesystem->findTemplate('.mial/header.tp...')
#1 C:\wamp\www\Twig\Environment.php(265): Twig_Loader_Filesystem->getCacheKey('.mial/header.tp...')
#2 C:\wamp\www\Twig\Environment.php(323): Twig_Environment->getTemplateClass('.mial/header.tp...', NULL)
#3 C:\wamp\www\cache\templates_c\02\ce\9d6e49282a54f0be5c5ed44424e7ad67d07f6b07dd05d1da18c632f264f7.php(47): Twig_Environment->loadTemplate('.mial/header.tp...')
#4 C:\wamp\www\Twig\Template.php(279): __TwigTemplate_02ce9d6e49282a54f0be5c5ed44424e7ad67d07f6b07dd05d1da18c632f264f7->doDisplay(Array, Array)
#5 C:\wamp\www\Twig\Template.php(253): Twig_Template->displayWithErrorHandling(Array, Array)
#6 C:\wamp\www\Twig\Template.php(264): Twig_Template->display(Array)
#7 C:\wamp\www\Yee\Views\Twig.php(91): Twig_Template->render(Array)
#8 C:\wamp\www\Yee\View.php(255): Yee\Views\Twig->render('pages/signup.tp...', NULL)
#9 C:\wamp\www\Yee\View.php(243): Yee\View->fetch('pages/signup.tp...', NULL)
#10 C:\wamp\www\Yee\Yee.php(764): Yee\View->display('pages/signup.tp...')
#11 C:\wamp\www\App\Controllers\Signup\SignupController.php(37): Yee\Yee->render('pages/signup.tp...', Array)
#12 [internal function]: SignupController->indexAction()
#13 C:\wamp\www\Yee\Managers\Controller\Controller.php(22): call_user_func_array(Array, Array)
#14 [internal function]: Yee\Managers\Controller\Controller::__callStatic('___indexAction', Array)
#15 [internal function]: SignupController::___indexAction()
#16 C:\wamp\www\Yee\Route.php(462): call_user_func_array('SignupControlle...', Array)
#17 C:\wamp\www\Yee\Yee.php(1333): Yee\Route->dispatch()
#18 C:\wamp\www\Yee\Middleware\Flash.php(85): Yee\Yee->call()
#19 C:\wamp\www\Yee\Middleware\MethodOverride.php(92): Yee\Middleware\Flash->call()
#20 C:\wamp\www\Yee\Middleware\PrettyExceptions.php(67): Yee\Middleware\MethodOverride->call()
#21 C:\wamp\www\Yee\Yee.php(1278): Yee\Middleware\PrettyExceptions->call()
#22 C:\wamp\www\index.php(48): Yee\Yee->execute()
#23 {main}
ERROR - 2016-07-14 13:28:52 - exception 'Twig_Error_Loader' with message 'Unable to find template ".mial/header.tpl" (looked into: ./templates) in "pages/signup.tpl" at line 27.' in C:\wamp\www\Twig\Loader\Filesystem.php:191
Stack trace:
#0 C:\wamp\www\Twig\Loader\Filesystem.php(138): Twig_Loader_Filesystem->findTemplate('.mial/header.tp...')
#1 C:\wamp\www\Twig\Environment.php(265): Twig_Loader_Filesystem->getCacheKey('.mial/header.tp...')
#2 C:\wamp\www\Twig\Environment.php(323): Twig_Environment->getTemplateClass('.mial/header.tp...', NULL)
#3 C:\wamp\www\cache\templates_c\02\ce\9d6e49282a54f0be5c5ed44424e7ad67d07f6b07dd05d1da18c632f264f7.php(47): Twig_Environment->loadTemplate('.mial/header.tp...')
#4 C:\wamp\www\Twig\Template.php(279): __TwigTemplate_02ce9d6e49282a54f0be5c5ed44424e7ad67d07f6b07dd05d1da18c632f264f7->doDisplay(Array, Array)
#5 C:\wamp\www\Twig\Template.php(253): Twig_Template->displayWithErrorHandling(Array, Array)
#6 C:\wamp\www\Twig\Template.php(264): Twig_Template->display(Array)
#7 C:\wamp\www\Yee\Views\Twig.php(91): Twig_Template->render(Array)
#8 C:\wamp\www\Yee\View.php(255): Yee\Views\Twig->render('pages/signup.tp...', NULL)
#9 C:\wamp\www\Yee\View.php(243): Yee\View->fetch('pages/signup.tp...', NULL)
#10 C:\wamp\www\Yee\Yee.php(764): Yee\View->display('pages/signup.tp...')
#11 C:\wamp\www\App\Controllers\Signup\SignupController.php(37): Yee\Yee->render('pages/signup.tp...', Array)
#12 [internal function]: SignupController->indexAction()
#13 C:\wamp\www\Yee\Managers\Controller\Controller.php(22): call_user_func_array(Array, Array)
#14 [internal function]: Yee\Managers\Controller\Controller::__callStatic('___indexAction', Array)
#15 [internal function]: SignupController::___indexAction()
#16 C:\wamp\www\Yee\Route.php(462): call_user_func_array('SignupControlle...', Array)
#17 C:\wamp\www\Yee\Yee.php(1333): Yee\Route->dispatch()
#18 C:\wamp\www\Yee\Middleware\Flash.php(85): Yee\Yee->call()
#19 C:\wamp\www\Yee\Middleware\MethodOverride.php(92): Yee\Middleware\Flash->call()
#20 C:\wamp\www\Yee\Middleware\PrettyExceptions.php(67): Yee\Middleware\MethodOverride->call()
#21 C:\wamp\www\Yee\Yee.php(1278): Yee\Middleware\PrettyExceptions->call()
#22 C:\wamp\www\index.php(48): Yee\Yee->execute()
#23 {main}
ERROR - 2016-07-14 13:28:52 - exception 'Twig_Error_Loader' with message 'Unable to find template ".mial/header.tpl" (looked into: ./templates) in "pages/signup.tpl" at line 27.' in C:\wamp\www\Twig\Loader\Filesystem.php:191
Stack trace:
#0 C:\wamp\www\Twig\Loader\Filesystem.php(138): Twig_Loader_Filesystem->findTemplate('.mial/header.tp...')
#1 C:\wamp\www\Twig\Environment.php(265): Twig_Loader_Filesystem->getCacheKey('.mial/header.tp...')
#2 C:\wamp\www\Twig\Environment.php(323): Twig_Environment->getTemplateClass('.mial/header.tp...', NULL)
#3 C:\wamp\www\cache\templates_c\02\ce\9d6e49282a54f0be5c5ed44424e7ad67d07f6b07dd05d1da18c632f264f7.php(47): Twig_Environment->loadTemplate('.mial/header.tp...')
#4 C:\wamp\www\Twig\Template.php(279): __TwigTemplate_02ce9d6e49282a54f0be5c5ed44424e7ad67d07f6b07dd05d1da18c632f264f7->doDisplay(Array, Array)
#5 C:\wamp\www\Twig\Template.php(253): Twig_Template->displayWithErrorHandling(Array, Array)
#6 C:\wamp\www\Twig\Template.php(264): Twig_Template->display(Array)
#7 C:\wamp\www\Yee\Views\Twig.php(91): Twig_Template->render(Array)
#8 C:\wamp\www\Yee\View.php(255): Yee\Views\Twig->render('pages/signup.tp...', NULL)
#9 C:\wamp\www\Yee\View.php(243): Yee\View->fetch('pages/signup.tp...', NULL)
#10 C:\wamp\www\Yee\Yee.php(764): Yee\View->display('pages/signup.tp...')
#11 C:\wamp\www\App\Controllers\Signup\SignupController.php(37): Yee\Yee->render('pages/signup.tp...', Array)
#12 [internal function]: SignupController->indexAction()
#13 C:\wamp\www\Yee\Managers\Controller\Controller.php(22): call_user_func_array(Array, Array)
#14 [internal function]: Yee\Managers\Controller\Controller::__callStatic('___indexAction', Array)
#15 [internal function]: SignupController::___indexAction()
#16 C:\wamp\www\Yee\Route.php(462): call_user_func_array('SignupControlle...', Array)
#17 C:\wamp\www\Yee\Yee.php(1333): Yee\Route->dispatch()
#18 C:\wamp\www\Yee\Middleware\Flash.php(85): Yee\Yee->call()
#19 C:\wamp\www\Yee\Middleware\MethodOverride.php(92): Yee\Middleware\Flash->call()
#20 C:\wamp\www\Yee\Middleware\PrettyExceptions.php(67): Yee\Middleware\MethodOverride->call()
#21 C:\wamp\www\Yee\Yee.php(1278): Yee\Middleware\PrettyExceptions->call()
#22 C:\wamp\www\index.php(48): Yee\Yee->execute()
#23 {main}
ERROR - 2016-07-14 13:28:59 - exception 'Twig_Error_Loader' with message 'Unable to find template ".mial/header.tpl" (looked into: ./templates) in "pages/signup.tpl" at line 27.' in C:\wamp\www\Twig\Loader\Filesystem.php:191
Stack trace:
#0 C:\wamp\www\Twig\Loader\Filesystem.php(138): Twig_Loader_Filesystem->findTemplate('.mial/header.tp...')
#1 C:\wamp\www\Twig\Environment.php(265): Twig_Loader_Filesystem->getCacheKey('.mial/header.tp...')
#2 C:\wamp\www\Twig\Environment.php(323): Twig_Environment->getTemplateClass('.mial/header.tp...', NULL)
#3 C:\wamp\www\cache\templates_c\02\ce\9d6e49282a54f0be5c5ed44424e7ad67d07f6b07dd05d1da18c632f264f7.php(47): Twig_Environment->loadTemplate('.mial/header.tp...')
#4 C:\wamp\www\Twig\Template.php(279): __TwigTemplate_02ce9d6e49282a54f0be5c5ed44424e7ad67d07f6b07dd05d1da18c632f264f7->doDisplay(Array, Array)
#5 C:\wamp\www\Twig\Template.php(253): Twig_Template->displayWithErrorHandling(Array, Array)
#6 C:\wamp\www\Twig\Template.php(264): Twig_Template->display(Array)
#7 C:\wamp\www\Yee\Views\Twig.php(91): Twig_Template->render(Array)
#8 C:\wamp\www\Yee\View.php(255): Yee\Views\Twig->render('pages/signup.tp...', NULL)
#9 C:\wamp\www\Yee\View.php(243): Yee\View->fetch('pages/signup.tp...', NULL)
#10 C:\wamp\www\Yee\Yee.php(764): Yee\View->display('pages/signup.tp...')
#11 C:\wamp\www\App\Controllers\Signup\SignupController.php(37): Yee\Yee->render('pages/signup.tp...', Array)
#12 [internal function]: SignupController->indexAction()
#13 C:\wamp\www\Yee\Managers\Controller\Controller.php(22): call_user_func_array(Array, Array)
#14 [internal function]: Yee\Managers\Controller\Controller::__callStatic('___indexAction', Array)
#15 [internal function]: SignupController::___indexAction()
#16 C:\wamp\www\Yee\Route.php(462): call_user_func_array('SignupControlle...', Array)
#17 C:\wamp\www\Yee\Yee.php(1333): Yee\Route->dispatch()
#18 C:\wamp\www\Yee\Middleware\Flash.php(85): Yee\Yee->call()
#19 C:\wamp\www\Yee\Middleware\MethodOverride.php(92): Yee\Middleware\Flash->call()
#20 C:\wamp\www\Yee\Middleware\PrettyExceptions.php(67): Yee\Middleware\MethodOverride->call()
#21 C:\wamp\www\Yee\Yee.php(1278): Yee\Middleware\PrettyExceptions->call()
#22 C:\wamp\www\index.php(48): Yee\Yee->execute()
#23 {main}
