ERROR - 2016-07-18 07:24:53 - exception 'ErrorException' with message 'mail(): Failed to connect to mailserver at &quot;localhost&quot; port 25, verify your &quot;SMTP&quot; and &quot;smtp_port&quot; setting in php.ini or use ini_set()' in C:\wamp\www\App\Librarie\emailTemplate\emailTemplate.php:28
Stack trace:
#0 [internal function]: Yee\Yee::handleErrors(2, 'mail(): Failed ...', 'C:\\wamp\\www\\App...', 28, Array)
#1 C:\wamp\www\App\Librarie\emailTemplate\emailTemplate.php(28): mail('damyan.pazvansk...', 'Acticate Accoun...', '<html lang="en"...', 'MIME-VERSION: 1...')
#2 C:\wamp\www\App\Controllers\Ajax\AjaxController.php(21): App\Librarie\emailTemplate\emailTemplate->sendEmail()
#3 [internal function]: AjaxController->sendAction()
#4 C:\wamp\www\Yee\Managers\Controller\Controller.php(22): call_user_func_array(Array, Array)
#5 [internal function]: Yee\Managers\Controller\Controller::__callStatic('___sendAction', Array)
#6 [internal function]: AjaxController::___sendAction()
#7 C:\wamp\www\Yee\Route.php(462): call_user_func_array('AjaxController:...', Array)
#8 C:\wamp\www\Yee\Yee.php(1333): Yee\Route->dispatch()
#9 C:\wamp\www\Yee\Middleware\Flash.php(85): Yee\Yee->call()
#10 C:\wamp\www\Yee\Middleware\MethodOverride.php(92): Yee\Middleware\Flash->call()
#11 C:\wamp\www\Yee\Middleware\PrettyExceptions.php(67): Yee\Middleware\MethodOverride->call()
#12 C:\wamp\www\Yee\Yee.php(1278): Yee\Middleware\PrettyExceptions->call()
#13 C:\wamp\www\index.php(48): Yee\Yee->execute()
#14 {main}
ERROR - 2016-07-18 07:51:02 - exception 'Twig_Error_Loader' with message 'Looks like you try to load a template outside configured directories (../common/footer.tpl) in "pages/login.tpl" at line 65.' in C:\wamp\www\Twig\Loader\Filesystem.php:232
Stack trace:
#0 C:\wamp\www\Twig\Loader\Filesystem.php(177): Twig_Loader_Filesystem->validateName('../common/foote...')
#1 C:\wamp\www\Twig\Loader\Filesystem.php(138): Twig_Loader_Filesystem->findTemplate('../common/foote...')
#2 C:\wamp\www\Twig\Environment.php(265): Twig_Loader_Filesystem->getCacheKey('../common/foote...')
#3 C:\wamp\www\Twig\Environment.php(323): Twig_Environment->getTemplateClass('../common/foote...', NULL)
#4 C:\wamp\www\cache\templates_c\f0\22\27d5213c618684c21fe32255d1233ef04336fc58de14a9bf26a630fdc112.php(85): Twig_Environment->loadTemplate('../common/foote...')
#5 C:\wamp\www\Twig\Template.php(279): __TwigTemplate_f02227d5213c618684c21fe32255d1233ef04336fc58de14a9bf26a630fdc112->doDisplay(Array, Array)
#6 C:\wamp\www\Twig\Template.php(253): Twig_Template->displayWithErrorHandling(Array, Array)
#7 C:\wamp\www\Twig\Template.php(264): Twig_Template->display(Array)
#8 C:\wamp\www\Yee\Views\Twig.php(91): Twig_Template->render(Array)
#9 C:\wamp\www\Yee\View.php(255): Yee\Views\Twig->render('pages/login.tpl', NULL)
#10 C:\wamp\www\Yee\View.php(243): Yee\View->fetch('pages/login.tpl', NULL)
#11 C:\wamp\www\Yee\Yee.php(764): Yee\View->display('pages/login.tpl')
#12 C:\wamp\www\App\Controllers\Login\LoginController.php(18): Yee\Yee->render('pages/login.tpl', Array)
#13 [internal function]: LoginController->indexAction()
#14 C:\wamp\www\Yee\Managers\Controller\Controller.php(22): call_user_func_array(Array, Array)
#15 [internal function]: Yee\Managers\Controller\Controller::__callStatic('___indexAction', Array)
#16 [internal function]: LoginController::___indexAction()
#17 C:\wamp\www\Yee\Route.php(462): call_user_func_array('LoginController...', Array)
#18 C:\wamp\www\Yee\Yee.php(1333): Yee\Route->dispatch()
#19 C:\wamp\www\Yee\Middleware\Flash.php(85): Yee\Yee->call()
#20 C:\wamp\www\Yee\Middleware\MethodOverride.php(92): Yee\Middleware\Flash->call()
#21 C:\wamp\www\Yee\Middleware\PrettyExceptions.php(67): Yee\Middleware\MethodOverride->call()
#22 C:\wamp\www\Yee\Yee.php(1278): Yee\Middleware\PrettyExceptions->call()
#23 C:\wamp\www\index.php(48): Yee\Yee->execute()
#24 {main}
ERROR - 2016-07-18 07:52:58 - exception 'Twig_Error_Loader' with message 'Looks like you try to load a template outside configured directories (../common/footer.tpl) in "pages/login.tpl" at line 65.' in C:\wamp\www\Twig\Loader\Filesystem.php:232
Stack trace:
#0 C:\wamp\www\Twig\Loader\Filesystem.php(177): Twig_Loader_Filesystem->validateName('../common/foote...')
#1 C:\wamp\www\Twig\Loader\Filesystem.php(138): Twig_Loader_Filesystem->findTemplate('../common/foote...')
#2 C:\wamp\www\Twig\Environment.php(265): Twig_Loader_Filesystem->getCacheKey('../common/foote...')
#3 C:\wamp\www\Twig\Environment.php(323): Twig_Environment->getTemplateClass('../common/foote...', NULL)
#4 C:\wamp\www\cache\templates_c\f0\22\27d5213c618684c21fe32255d1233ef04336fc58de14a9bf26a630fdc112.php(85): Twig_Environment->loadTemplate('../common/foote...')
#5 C:\wamp\www\Twig\Template.php(279): __TwigTemplate_f02227d5213c618684c21fe32255d1233ef04336fc58de14a9bf26a630fdc112->doDisplay(Array, Array)
#6 C:\wamp\www\Twig\Template.php(253): Twig_Template->displayWithErrorHandling(Array, Array)
#7 C:\wamp\www\Twig\Template.php(264): Twig_Template->display(Array)
#8 C:\wamp\www\Yee\Views\Twig.php(91): Twig_Template->render(Array)
#9 C:\wamp\www\Yee\View.php(255): Yee\Views\Twig->render('pages/login.tpl', NULL)
#10 C:\wamp\www\Yee\View.php(243): Yee\View->fetch('pages/login.tpl', NULL)
#11 C:\wamp\www\Yee\Yee.php(764): Yee\View->display('pages/login.tpl')
#12 C:\wamp\www\App\Controllers\Login\LoginController.php(18): Yee\Yee->render('pages/login.tpl', Array)
#13 [internal function]: LoginController->indexAction()
#14 C:\wamp\www\Yee\Managers\Controller\Controller.php(22): call_user_func_array(Array, Array)
#15 [internal function]: Yee\Managers\Controller\Controller::__callStatic('___indexAction', Array)
#16 [internal function]: LoginController::___indexAction()
#17 C:\wamp\www\Yee\Route.php(462): call_user_func_array('LoginController...', Array)
#18 C:\wamp\www\Yee\Yee.php(1333): Yee\Route->dispatch()
#19 C:\wamp\www\Yee\Middleware\Flash.php(85): Yee\Yee->call()
#20 C:\wamp\www\Yee\Middleware\MethodOverride.php(92): Yee\Middleware\Flash->call()
#21 C:\wamp\www\Yee\Middleware\PrettyExceptions.php(67): Yee\Middleware\MethodOverride->call()
#22 C:\wamp\www\Yee\Yee.php(1278): Yee\Middleware\PrettyExceptions->call()
#23 C:\wamp\www\index.php(48): Yee\Yee->execute()
#24 {main}
ERROR - 2016-07-18 07:52:59 - exception 'Twig_Error_Loader' with message 'Looks like you try to load a template outside configured directories (../common/footer.tpl) in "pages/login.tpl" at line 65.' in C:\wamp\www\Twig\Loader\Filesystem.php:232
Stack trace:
#0 C:\wamp\www\Twig\Loader\Filesystem.php(177): Twig_Loader_Filesystem->validateName('../common/foote...')
#1 C:\wamp\www\Twig\Loader\Filesystem.php(138): Twig_Loader_Filesystem->findTemplate('../common/foote...')
#2 C:\wamp\www\Twig\Environment.php(265): Twig_Loader_Filesystem->getCacheKey('../common/foote...')
#3 C:\wamp\www\Twig\Environment.php(323): Twig_Environment->getTemplateClass('../common/foote...', NULL)
#4 C:\wamp\www\cache\templates_c\f0\22\27d5213c618684c21fe32255d1233ef04336fc58de14a9bf26a630fdc112.php(85): Twig_Environment->loadTemplate('../common/foote...')
#5 C:\wamp\www\Twig\Template.php(279): __TwigTemplate_f02227d5213c618684c21fe32255d1233ef04336fc58de14a9bf26a630fdc112->doDisplay(Array, Array)
#6 C:\wamp\www\Twig\Template.php(253): Twig_Template->displayWithErrorHandling(Array, Array)
#7 C:\wamp\www\Twig\Template.php(264): Twig_Template->display(Array)
#8 C:\wamp\www\Yee\Views\Twig.php(91): Twig_Template->render(Array)
#9 C:\wamp\www\Yee\View.php(255): Yee\Views\Twig->render('pages/login.tpl', NULL)
#10 C:\wamp\www\Yee\View.php(243): Yee\View->fetch('pages/login.tpl', NULL)
#11 C:\wamp\www\Yee\Yee.php(764): Yee\View->display('pages/login.tpl')
#12 C:\wamp\www\App\Controllers\Login\LoginController.php(18): Yee\Yee->render('pages/login.tpl', Array)
#13 [internal function]: LoginController->indexAction()
#14 C:\wamp\www\Yee\Managers\Controller\Controller.php(22): call_user_func_array(Array, Array)
#15 [internal function]: Yee\Managers\Controller\Controller::__callStatic('___indexAction', Array)
#16 [internal function]: LoginController::___indexAction()
#17 C:\wamp\www\Yee\Route.php(462): call_user_func_array('LoginController...', Array)
#18 C:\wamp\www\Yee\Yee.php(1333): Yee\Route->dispatch()
#19 C:\wamp\www\Yee\Middleware\Flash.php(85): Yee\Yee->call()
#20 C:\wamp\www\Yee\Middleware\MethodOverride.php(92): Yee\Middleware\Flash->call()
#21 C:\wamp\www\Yee\Middleware\PrettyExceptions.php(67): Yee\Middleware\MethodOverride->call()
#22 C:\wamp\www\Yee\Yee.php(1278): Yee\Middleware\PrettyExceptions->call()
#23 C:\wamp\www\index.php(48): Yee\Yee->execute()
#24 {main}
ERROR - 2016-07-18 07:53:40 - exception 'Twig_Error_Loader' with message 'Looks like you try to load a template outside configured directories (../common/footer.tpl) in "pages/login.tpl" at line 79.' in C:\wamp\www\Twig\Loader\Filesystem.php:232
Stack trace:
#0 C:\wamp\www\Twig\Loader\Filesystem.php(177): Twig_Loader_Filesystem->validateName('../common/foote...')
#1 C:\wamp\www\Twig\Loader\Filesystem.php(138): Twig_Loader_Filesystem->findTemplate('../common/foote...')
#2 C:\wamp\www\Twig\Environment.php(265): Twig_Loader_Filesystem->getCacheKey('../common/foote...')
#3 C:\wamp\www\Twig\Environment.php(323): Twig_Environment->getTemplateClass('../common/foote...', NULL)
#4 C:\wamp\www\cache\templates_c\f0\22\27d5213c618684c21fe32255d1233ef04336fc58de14a9bf26a630fdc112.php(99): Twig_Environment->loadTemplate('../common/foote...')
#5 C:\wamp\www\Twig\Template.php(279): __TwigTemplate_f02227d5213c618684c21fe32255d1233ef04336fc58de14a9bf26a630fdc112->doDisplay(Array, Array)
#6 C:\wamp\www\Twig\Template.php(253): Twig_Template->displayWithErrorHandling(Array, Array)
#7 C:\wamp\www\Twig\Template.php(264): Twig_Template->display(Array)
#8 C:\wamp\www\Yee\Views\Twig.php(91): Twig_Template->render(Array)
#9 C:\wamp\www\Yee\View.php(255): Yee\Views\Twig->render('pages/login.tpl', NULL)
#10 C:\wamp\www\Yee\View.php(243): Yee\View->fetch('pages/login.tpl', NULL)
#11 C:\wamp\www\Yee\Yee.php(764): Yee\View->display('pages/login.tpl')
#12 C:\wamp\www\App\Controllers\Login\LoginController.php(18): Yee\Yee->render('pages/login.tpl', Array)
#13 [internal function]: LoginController->indexAction()
#14 C:\wamp\www\Yee\Managers\Controller\Controller.php(22): call_user_func_array(Array, Array)
#15 [internal function]: Yee\Managers\Controller\Controller::__callStatic('___indexAction', Array)
#16 [internal function]: LoginController::___indexAction()
#17 C:\wamp\www\Yee\Route.php(462): call_user_func_array('LoginController...', Array)
#18 C:\wamp\www\Yee\Yee.php(1333): Yee\Route->dispatch()
#19 C:\wamp\www\Yee\Middleware\Flash.php(85): Yee\Yee->call()
#20 C:\wamp\www\Yee\Middleware\MethodOverride.php(92): Yee\Middleware\Flash->call()
#21 C:\wamp\www\Yee\Middleware\PrettyExceptions.php(67): Yee\Middleware\MethodOverride->call()
#22 C:\wamp\www\Yee\Yee.php(1278): Yee\Middleware\PrettyExceptions->call()
#23 C:\wamp\www\index.php(48): Yee\Yee->execute()
#24 {main}
ERROR - 2016-07-18 07:53:42 - exception 'Twig_Error_Loader' with message 'Looks like you try to load a template outside configured directories (../common/footer.tpl) in "pages/login.tpl" at line 79.' in C:\wamp\www\Twig\Loader\Filesystem.php:232
Stack trace:
#0 C:\wamp\www\Twig\Loader\Filesystem.php(177): Twig_Loader_Filesystem->validateName('../common/foote...')
#1 C:\wamp\www\Twig\Loader\Filesystem.php(138): Twig_Loader_Filesystem->findTemplate('../common/foote...')
#2 C:\wamp\www\Twig\Environment.php(265): Twig_Loader_Filesystem->getCacheKey('../common/foote...')
#3 C:\wamp\www\Twig\Environment.php(323): Twig_Environment->getTemplateClass('../common/foote...', NULL)
#4 C:\wamp\www\cache\templates_c\f0\22\27d5213c618684c21fe32255d1233ef04336fc58de14a9bf26a630fdc112.php(99): Twig_Environment->loadTemplate('../common/foote...')
#5 C:\wamp\www\Twig\Template.php(279): __TwigTemplate_f02227d5213c618684c21fe32255d1233ef04336fc58de14a9bf26a630fdc112->doDisplay(Array, Array)
#6 C:\wamp\www\Twig\Template.php(253): Twig_Template->displayWithErrorHandling(Array, Array)
#7 C:\wamp\www\Twig\Template.php(264): Twig_Template->display(Array)
#8 C:\wamp\www\Yee\Views\Twig.php(91): Twig_Template->render(Array)
#9 C:\wamp\www\Yee\View.php(255): Yee\Views\Twig->render('pages/login.tpl', NULL)
#10 C:\wamp\www\Yee\View.php(243): Yee\View->fetch('pages/login.tpl', NULL)
#11 C:\wamp\www\Yee\Yee.php(764): Yee\View->display('pages/login.tpl')
#12 C:\wamp\www\App\Controllers\Login\LoginController.php(18): Yee\Yee->render('pages/login.tpl', Array)
#13 [internal function]: LoginController->indexAction()
#14 C:\wamp\www\Yee\Managers\Controller\Controller.php(22): call_user_func_array(Array, Array)
#15 [internal function]: Yee\Managers\Controller\Controller::__callStatic('___indexAction', Array)
#16 [internal function]: LoginController::___indexAction()
#17 C:\wamp\www\Yee\Route.php(462): call_user_func_array('LoginController...', Array)
#18 C:\wamp\www\Yee\Yee.php(1333): Yee\Route->dispatch()
#19 C:\wamp\www\Yee\Middleware\Flash.php(85): Yee\Yee->call()
#20 C:\wamp\www\Yee\Middleware\MethodOverride.php(92): Yee\Middleware\Flash->call()
#21 C:\wamp\www\Yee\Middleware\PrettyExceptions.php(67): Yee\Middleware\MethodOverride->call()
#22 C:\wamp\www\Yee\Yee.php(1278): Yee\Middleware\PrettyExceptions->call()
#23 C:\wamp\www\index.php(48): Yee\Yee->execute()
#24 {main}
ERROR - 2016-07-18 07:53:44 - exception 'Twig_Error_Loader' with message 'Looks like you try to load a template outside configured directories (../common/footer.tpl) in "pages/login.tpl" at line 79.' in C:\wamp\www\Twig\Loader\Filesystem.php:232
Stack trace:
#0 C:\wamp\www\Twig\Loader\Filesystem.php(177): Twig_Loader_Filesystem->validateName('../common/foote...')
#1 C:\wamp\www\Twig\Loader\Filesystem.php(138): Twig_Loader_Filesystem->findTemplate('../common/foote...')
#2 C:\wamp\www\Twig\Environment.php(265): Twig_Loader_Filesystem->getCacheKey('../common/foote...')
#3 C:\wamp\www\Twig\Environment.php(323): Twig_Environment->getTemplateClass('../common/foote...', NULL)
#4 C:\wamp\www\cache\templates_c\f0\22\27d5213c618684c21fe32255d1233ef04336fc58de14a9bf26a630fdc112.php(99): Twig_Environment->loadTemplate('../common/foote...')
#5 C:\wamp\www\Twig\Template.php(279): __TwigTemplate_f02227d5213c618684c21fe32255d1233ef04336fc58de14a9bf26a630fdc112->doDisplay(Array, Array)
#6 C:\wamp\www\Twig\Template.php(253): Twig_Template->displayWithErrorHandling(Array, Array)
#7 C:\wamp\www\Twig\Template.php(264): Twig_Template->display(Array)
#8 C:\wamp\www\Yee\Views\Twig.php(91): Twig_Template->render(Array)
#9 C:\wamp\www\Yee\View.php(255): Yee\Views\Twig->render('pages/login.tpl', NULL)
#10 C:\wamp\www\Yee\View.php(243): Yee\View->fetch('pages/login.tpl', NULL)
#11 C:\wamp\www\Yee\Yee.php(764): Yee\View->display('pages/login.tpl')
#12 C:\wamp\www\App\Controllers\Login\LoginController.php(18): Yee\Yee->render('pages/login.tpl', Array)
#13 [internal function]: LoginController->indexAction()
#14 C:\wamp\www\Yee\Managers\Controller\Controller.php(22): call_user_func_array(Array, Array)
#15 [internal function]: Yee\Managers\Controller\Controller::__callStatic('___indexAction', Array)
#16 [internal function]: LoginController::___indexAction()
#17 C:\wamp\www\Yee\Route.php(462): call_user_func_array('LoginController...', Array)
#18 C:\wamp\www\Yee\Yee.php(1333): Yee\Route->dispatch()
#19 C:\wamp\www\Yee\Middleware\Flash.php(85): Yee\Yee->call()
#20 C:\wamp\www\Yee\Middleware\MethodOverride.php(92): Yee\Middleware\Flash->call()
#21 C:\wamp\www\Yee\Middleware\PrettyExceptions.php(67): Yee\Middleware\MethodOverride->call()
#22 C:\wamp\www\Yee\Yee.php(1278): Yee\Middleware\PrettyExceptions->call()
#23 C:\wamp\www\index.php(48): Yee\Yee->execute()
#24 {main}
ERROR - 2016-07-18 08:25:52 - exception 'Twig_Error_Loader' with message 'Looks like you try to load a template outside configured directories (../common/footer.tpl) in "pages/login.tpl" at line 66.' in C:\wamp\www\Twig\Loader\Filesystem.php:232
Stack trace:
#0 C:\wamp\www\Twig\Loader\Filesystem.php(177): Twig_Loader_Filesystem->validateName('../common/foote...')
#1 C:\wamp\www\Twig\Loader\Filesystem.php(138): Twig_Loader_Filesystem->findTemplate('../common/foote...')
#2 C:\wamp\www\Twig\Environment.php(265): Twig_Loader_Filesystem->getCacheKey('../common/foote...')
#3 C:\wamp\www\Twig\Environment.php(323): Twig_Environment->getTemplateClass('../common/foote...', NULL)
#4 C:\wamp\www\cache\templates_c\f0\22\27d5213c618684c21fe32255d1233ef04336fc58de14a9bf26a630fdc112.php(89): Twig_Environment->loadTemplate('../common/foote...')
#5 C:\wamp\www\Twig\Template.php(279): __TwigTemplate_f02227d5213c618684c21fe32255d1233ef04336fc58de14a9bf26a630fdc112->doDisplay(Array, Array)
#6 C:\wamp\www\Twig\Template.php(253): Twig_Template->displayWithErrorHandling(Array, Array)
#7 C:\wamp\www\Twig\Template.php(264): Twig_Template->display(Array)
#8 C:\wamp\www\Yee\Views\Twig.php(91): Twig_Template->render(Array)
#9 C:\wamp\www\Yee\View.php(255): Yee\Views\Twig->render('pages/login.tpl', NULL)
#10 C:\wamp\www\Yee\View.php(243): Yee\View->fetch('pages/login.tpl', NULL)
#11 C:\wamp\www\Yee\Yee.php(764): Yee\View->display('pages/login.tpl')
#12 C:\wamp\www\App\Controllers\Login\LoginController.php(18): Yee\Yee->render('pages/login.tpl', Array)
#13 [internal function]: LoginController->indexAction()
#14 C:\wamp\www\Yee\Managers\Controller\Controller.php(22): call_user_func_array(Array, Array)
#15 [internal function]: Yee\Managers\Controller\Controller::__callStatic('___indexAction', Array)
#16 [internal function]: LoginController::___indexAction()
#17 C:\wamp\www\Yee\Route.php(462): call_user_func_array('LoginController...', Array)
#18 C:\wamp\www\Yee\Yee.php(1333): Yee\Route->dispatch()
#19 C:\wamp\www\Yee\Middleware\Flash.php(85): Yee\Yee->call()
#20 C:\wamp\www\Yee\Middleware\MethodOverride.php(92): Yee\Middleware\Flash->call()
#21 C:\wamp\www\Yee\Middleware\PrettyExceptions.php(67): Yee\Middleware\MethodOverride->call()
#22 C:\wamp\www\Yee\Yee.php(1278): Yee\Middleware\PrettyExceptions->call()
#23 C:\wamp\www\index.php(48): Yee\Yee->execute()
#24 {main}
ERROR - 2016-07-18 11:13:18 - ErrorException: Undefined index: password in C:\wamp\www\App\Controllers\Login\LoginController.php:45
Stack trace:
#0 C:\wamp\www\App\Controllers\Login\LoginController.php(45): Yee\Yee::handleErrors(8, 'Undefined index...', 'C:\\wamp\\www\\App...', 45, Array)
#1 [internal function]: LoginController->postAction('login2')
#2 C:\wamp\www\Yee\Managers\Controller\Controller.php(22): call_user_func_array(Array, Array)
#3 [internal function]: Yee\Managers\Controller\Controller::__callStatic('postAction', Array)
#4 C:\wamp\www\Yee\Route.php(462): call_user_func_array('LoginController...', Array)
#5 C:\wamp\www\Yee\Yee.php(1333): Yee\Route->dispatch()
#6 C:\wamp\www\Yee\Middleware\Flash.php(85): Yee\Yee->call()
#7 C:\wamp\www\Yee\Middleware\MethodOverride.php(92): Yee\Middleware\Flash->call()
#8 C:\wamp\www\Yee\Middleware\PrettyExceptions.php(67): Yee\Middleware\MethodOverride->call()
#9 C:\wamp\www\Yee\Yee.php(1278): Yee\Middleware\PrettyExceptions->call()
#10 C:\wamp\www\index.php(48): Yee\Yee->execute()
#11 {main}
ERROR - 2016-07-18 11:13:34 - ErrorException: Undefined index: password in C:\wamp\www\App\Controllers\Login\LoginController.php:45
Stack trace:
#0 C:\wamp\www\App\Controllers\Login\LoginController.php(45): Yee\Yee::handleErrors(8, 'Undefined index...', 'C:\\wamp\\www\\App...', 45, Array)
#1 [internal function]: LoginController->postAction('login2')
#2 C:\wamp\www\Yee\Managers\Controller\Controller.php(22): call_user_func_array(Array, Array)
#3 [internal function]: Yee\Managers\Controller\Controller::__callStatic('postAction', Array)
#4 C:\wamp\www\Yee\Route.php(462): call_user_func_array('LoginController...', Array)
#5 C:\wamp\www\Yee\Yee.php(1333): Yee\Route->dispatch()
#6 C:\wamp\www\Yee\Middleware\Flash.php(85): Yee\Yee->call()
#7 C:\wamp\www\Yee\Middleware\MethodOverride.php(92): Yee\Middleware\Flash->call()
#8 C:\wamp\www\Yee\Middleware\PrettyExceptions.php(67): Yee\Middleware\MethodOverride->call()
#9 C:\wamp\www\Yee\Yee.php(1278): Yee\Middleware\PrettyExceptions->call()
#10 C:\wamp\www\index.php(48): Yee\Yee->execute()
#11 {main}
ERROR - 2016-07-18 11:15:32 - ErrorException: Undefined variable: data in C:\wamp\www\App\Controllers\Login\LoginController.php:47
Stack trace:
#0 C:\wamp\www\App\Controllers\Login\LoginController.php(47): Yee\Yee::handleErrors(8, 'Undefined varia...', 'C:\\wamp\\www\\App...', 47, Array)
#1 [internal function]: LoginController->postAction('login2')
#2 C:\wamp\www\Yee\Managers\Controller\Controller.php(22): call_user_func_array(Array, Array)
#3 [internal function]: Yee\Managers\Controller\Controller::__callStatic('postAction', Array)
#4 C:\wamp\www\Yee\Route.php(462): call_user_func_array('LoginController...', Array)
#5 C:\wamp\www\Yee\Yee.php(1333): Yee\Route->dispatch()
#6 C:\wamp\www\Yee\Middleware\Flash.php(85): Yee\Yee->call()
#7 C:\wamp\www\Yee\Middleware\MethodOverride.php(92): Yee\Middleware\Flash->call()
#8 C:\wamp\www\Yee\Middleware\PrettyExceptions.php(67): Yee\Middleware\MethodOverride->call()
#9 C:\wamp\www\Yee\Yee.php(1278): Yee\Middleware\PrettyExceptions->call()
#10 C:\wamp\www\index.php(48): Yee\Yee->execute()
#11 {main}
